<?xml version="1.0" encoding="UTF-8"?>
<coverage generated="1786824459189" clover="3.2.0">
  <project timestamp="1786824459190" name="All files">
    <metrics statements="14" coveredstatements="13" conditionals="1" coveredconditionals="0" methods="4" coveredmethods="4" elements="19" coveredelements="17" complexity="0" loc="14" ncloc="14" packages="1" files="1" classes="1"/>
    <file name="ReportsView.tsx" path="C:\Users\Gamer\Documents\Reciclaje\frontend\src\components\dashboards\ReportsView.tsx">
      <metrics statements="14" coveredstatements="13" conditionals="1" coveredconditionals="0" methods="4" coveredmethods="4"/>
      <line num="7" count="1" type="stmt"/>
      <line num="14" count="1" type="stmt"/>
      <line num="19" count="1" type="stmt"/>
      <line num="20" count="1" type="stmt"/>
      <line num="21" count="1" type="cond" truecount="0" falsecount="1"/>
      <line num="22" count="0" type="stmt"/>
      <line num="25" count="1" type="stmt"/>
      <line num="338" count="4" type="stmt"/>
      <line num="376" count="1" type="stmt"/>
      <line num="377" count="1" type="stmt"/>
      <line num="378" count="1" type="stmt"/>
      <line num="379" count="1" type="stmt"/>
      <line num="380" count="1" type="stmt"/>
      <line num="384" count="1" type="stmt"/>
    </file>
  </project>
</coverage>
