{"C:\\Users\\Gamer\\Documents\\Reciclaje\\frontend\\src\\App.tsx": {"path":"C:\\Users\\Gamer\\Documents\\Reciclaje\\frontend\\src\\App.tsx","statementMap":{"0":{"start":{"line":1,"column":0},"end":{"line":1,"column":33}},"1":{"start":{"line":2,"column":0},"end":{"line":2,"column":null}},"2":{"start":{"line":10,"column":0},"end":{"line":10,"column":41}},"3":{"start":{"line":11,"column":0},"end":{"line":11,"column":41}},"4":{"start":{"line":12,"column":0},"end":{"line":12,"column":51}},"5":{"start":{"line":13,"column":0},"end":{"line":13,"column":39}},"6":{"start":{"line":14,"column":0},"end":{"line":14,"column":43}},"7":{"start":{"line":15,"column":0},"end":{"line":15,"column":83}},"8":{"start":{"line":16,"column":0},"end":{"line":16,"column":80}},"9":{"start":{"line":17,"column":0},"end":{"line":17,"column":92}},"10":{"start":{"line":18,"column":0},"end":{"line":18,"column":90}},"11":{"start":{"line":19,"column":0},"end":{"line":19,"column":96}},"12":{"start":{"line":20,"column":0},"end":{"line":20,"column":92}},"13":{"start":{"line":21,"column":0},"end":{"line":21,"column":104}},"14":{"start":{"line":22,"column":0},"end":{"line":22,"column":104}},"15":{"start":{"line":45,"column":32},"end":{"line":45,"column":66}},"16":{"start":{"line":47,"column":19},"end":{"line":47,"column":32}},"17":{"start":{"line":48,"column":19},"end":{"line":48,"column":32}},"18":{"start":{"line":50,"column":29},"end":{"line":53,"column":3}},"19":{"start":{"line":51,"column":4},"end":{"line":51,"column":53}},"20":{"start":{"line":52,"column":4},"end":{"line":52,"column":27}},"21":{"start":{"line":55,"column":23},"end":{"line":58,"column":3}},"22":{"start":{"line":56,"column":4},"end":{"line":56,"column":21}},"23":{"start":{"line":57,"column":4},"end":{"line":57,"column":18}},"24":{"start":{"line":68,"column":4},"end":{"line":68,"column":73}},"25":{"start":{"line":69,"column":27},"end":{"line":69,"column":69}},"26":{"start":{"line":71,"column":31},"end":{"line":75,"column":3}},"27":{"start":{"line":72,"column":4},"end":{"line":74,"column":30}},"28":{"start":{"line":72,"column":26},"end":{"line":72,"column":40}},"29":{"start":{"line":73,"column":9},"end":{"line":74,"column":30}},"30":{"start":{"line":73,"column":30},"end":{"line":73,"column":53}},"31":{"start":{"line":74,"column":9},"end":{"line":74,"column":30}},"32":{"start":{"line":77,"column":24},"end":{"line":77,"column":48}},"33":{"start":{"line":78,"column":28},"end":{"line":78,"column":58}},"34":{"start":{"line":80,"column":2},"end":{"line":226,"column":4}},"35":{"start":{"line":124,"column":22},"end":{"line":126,"column":24}},"36":{"start":{"line":129,"column":22},"end":{"line":129,"column":69}},"37":{"start":{"line":138,"column":22},"end":{"line":138,"column":64}},"38":{"start":{"line":231,"column":2},"end":{"line":235,"column":4}},"39":{"start":{"line":238,"column":0},"end":{"line":238,"column":19}}},"fnMap":{"0":{"name":"AppContent","decl":{"start":{"line":44,"column":9},"end":{"line":44,"column":19}},"loc":{"start":{"line":44,"column":19},"end":{"line":227,"column":1}}},"1":{"name":"(anonymous_2)","decl":{"start":{"line":50,"column":29},"end":{"line":50,"column":30}},"loc":{"start":{"line":50,"column":74},"end":{"line":53,"column":3}}},"2":{"name":"(anonymous_3)","decl":{"start":{"line":55,"column":23},"end":{"line":55,"column":26}},"loc":{"start":{"line":55,"column":28},"end":{"line":58,"column":3}}},"3":{"name":"(anonymous_4)","decl":{"start":{"line":71,"column":31},"end":{"line":71,"column":32}},"loc":{"start":{"line":71,"column":53},"end":{"line":75,"column":3}}},"4":{"name":"(anonymous_5)","decl":{"start":{"line":123,"column":41},"end":{"line":123,"column":42}},"loc":{"start":{"line":124,"column":22},"end":{"line":126,"column":24}}},"5":{"name":"(anonymous_6)","decl":{"start":{"line":128,"column":35},"end":{"line":128,"column":38}},"loc":{"start":{"line":129,"column":22},"end":{"line":129,"column":69}}},"6":{"name":"(anonymous_7)","decl":{"start":{"line":137,"column":35},"end":{"line":137,"column":38}},"loc":{"start":{"line":138,"column":22},"end":{"line":138,"column":64}}},"7":{"name":"App","decl":{"start":{"line":230,"column":9},"end":{"line":230,"column":12}},"loc":{"start":{"line":230,"column":12},"end":{"line":236,"column":1}}}},"branchMap":{"0":{"loc":{"start":{"line":68,"column":4},"end":{"line":68,"column":73}},"type":"cond-expr","locations":[{"start":{"line":68,"column":32},"end":{"line":68,"column":39}},{"start":{"line":68,"column":42},"end":{"line":68,"column":73}}]},"1":{"loc":{"start":{"line":72,"column":4},"end":{"line":74,"column":30}},"type":"if","locations":[{"start":{"line":72,"column":4},"end":{"line":74,"column":30}},{"start":{"line":73,"column":9},"end":{"line":74,"column":30}}]},"2":{"loc":{"start":{"line":73,"column":9},"end":{"line":74,"column":30}},"type":"if","locations":[{"start":{"line":73,"column":9},"end":{"line":74,"column":30}},{"start":{"line":74,"column":9},"end":{"line":74,"column":30}}]},"3":{"loc":{"start":{"line":82,"column":7},"end":{"line":88,"column":null}},"type":"binary-expr","locations":[{"start":{"line":82,"column":7},"end":{"line":82,"column":24}},{"start":{"line":83,"column":8},"end":{"line":87,"column":null}}]},"4":{"loc":{"start":{"line":86,"column":18},"end":{"line":86,"column":41}},"type":"binary-expr","locations":[{"start":{"line":86,"column":18},"end":{"line":86,"column":33}},{"start":{"line":86,"column":37},"end":{"line":86,"column":41}}]},"5":{"loc":{"start":{"line":97,"column":14},"end":{"line":100,"column":null}},"type":"cond-expr","locations":[{"start":{"line":98,"column":16},"end":{"line":98,"column":67}},{"start":{"line":100,"column":16},"end":{"line":100,"column":52}}]},"6":{"loc":{"start":{"line":111,"column":14},"end":{"line":143,"column":null}},"type":"cond-expr","locations":[{"start":{"line":112,"column":16},"end":{"line":140,"column":null}},{"start":{"line":143,"column":16},"end":{"line":143,"column":43}}]},"7":{"loc":{"start":{"line":112,"column":16},"end":{"line":140,"column":null}},"type":"cond-expr","locations":[{"start":{"line":113,"column":18},"end":{"line":116,"column":null}},{"start":{"line":118,"column":20},"end":{"line":140,"column":null}}]},"8":{"loc":{"start":{"line":118,"column":20},"end":{"line":140,"column":null}},"type":"cond-expr","locations":[{"start":{"line":119,"column":18},"end":{"line":129,"column":null}},{"start":{"line":133,"column":18},"end":{"line":138,"column":null}}]},"9":{"loc":{"start":{"line":151,"column":14},"end":{"line":158,"column":null}},"type":"cond-expr","locations":[{"start":{"line":152,"column":16},"end":{"line":155,"column":null}},{"start":{"line":158,"column":16},"end":{"line":158,"column":70}}]},"10":{"loc":{"start":{"line":151,"column":14},"end":{"line":151,"column":38}},"type":"binary-expr","locations":[{"start":{"line":151,"column":14},"end":{"line":151,"column":21}},{"start":{"line":151,"column":25},"end":{"line":151,"column":38}}]},"11":{"loc":{"start":{"line":158,"column":30},"end":{"line":158,"column":58}},"type":"cond-expr","locations":[{"start":{"line":158,"column":40},"end":{"line":158,"column":52}},{"start":{"line":158,"column":55},"end":{"line":158,"column":58}}]},"12":{"loc":{"start":{"line":166,"column":14},"end":{"line":172,"column":null}},"type":"cond-expr","locations":[{"start":{"line":167,"column":16},"end":{"line":169,"column":null}},{"start":{"line":172,"column":16},"end":{"line":172,"column":70}}]},"13":{"loc":{"start":{"line":166,"column":14},"end":{"line":166,"column":38}},"type":"binary-expr","locations":[{"start":{"line":166,"column":14},"end":{"line":166,"column":21}},{"start":{"line":166,"column":25},"end":{"line":166,"column":38}}]},"14":{"loc":{"start":{"line":172,"column":30},"end":{"line":172,"column":58}},"type":"cond-expr","locations":[{"start":{"line":172,"column":40},"end":{"line":172,"column":52}},{"start":{"line":172,"column":55},"end":{"line":172,"column":58}}]},"15":{"loc":{"start":{"line":180,"column":14},"end":{"line":186,"column":null}},"type":"cond-expr","locations":[{"start":{"line":181,"column":16},"end":{"line":183,"column":null}},{"start":{"line":186,"column":16},"end":{"line":186,"column":70}}]},"16":{"loc":{"start":{"line":180,"column":14},"end":{"line":180,"column":38}},"type":"binary-expr","locations":[{"start":{"line":180,"column":14},"end":{"line":180,"column":21}},{"start":{"line":180,"column":25},"end":{"line":180,"column":38}}]},"17":{"loc":{"start":{"line":186,"column":30},"end":{"line":186,"column":58}},"type":"cond-expr","locations":[{"start":{"line":186,"column":40},"end":{"line":186,"column":52}},{"start":{"line":186,"column":55},"end":{"line":186,"column":58}}]},"18":{"loc":{"start":{"line":194,"column":14},"end":{"line":200,"column":null}},"type":"cond-expr","locations":[{"start":{"line":195,"column":16},"end":{"line":197,"column":null}},{"start":{"line":200,"column":16},"end":{"line":200,"column":70}}]},"19":{"loc":{"start":{"line":194,"column":14},"end":{"line":194,"column":42}},"type":"binary-expr","locations":[{"start":{"line":194,"column":14},"end":{"line":194,"column":21}},{"start":{"line":194,"column":25},"end":{"line":194,"column":42}}]},"20":{"loc":{"start":{"line":200,"column":30},"end":{"line":200,"column":58}},"type":"cond-expr","locations":[{"start":{"line":200,"column":40},"end":{"line":200,"column":52}},{"start":{"line":200,"column":55},"end":{"line":200,"column":58}}]},"21":{"loc":{"start":{"line":208,"column":14},"end":{"line":214,"column":null}},"type":"cond-expr","locations":[{"start":{"line":209,"column":16},"end":{"line":211,"column":null}},{"start":{"line":214,"column":16},"end":{"line":214,"column":70}}]},"22":{"loc":{"start":{"line":208,"column":14},"end":{"line":208,"column":42}},"type":"binary-expr","locations":[{"start":{"line":208,"column":14},"end":{"line":208,"column":21}},{"start":{"line":208,"column":25},"end":{"line":208,"column":42}}]},"23":{"loc":{"start":{"line":214,"column":30},"end":{"line":214,"column":58}},"type":"cond-expr","locations":[{"start":{"line":214,"column":40},"end":{"line":214,"column":52}},{"start":{"line":214,"column":55},"end":{"line":214,"column":58}}]}},"s":{"0":1,"1":1,"2":1,"3":1,"4":1,"5":1,"6":1,"7":1,"8":1,"9":1,"10":1,"11":1,"12":1,"13":1,"14":1,"15":19,"16":19,"17":19,"18":19,"19":3,"20":3,"21":19,"22":1,"23":1,"24":19,"25":19,"26":19,"27":1,"28":0,"29":1,"30":0,"31":1,"32":19,"33":19,"34":19,"35":0,"36":0,"37":1,"38":7,"39":1},"f":{"0":19,"1":3,"2":1,"3":1,"4":0,"5":0,"6":1,"7":7},"b":{"0":[11,8],"1":[0,1],"2":[0,1],"3":[19,13],"4":[13,10],"5":[12,7],"6":[7,12],"7":[4,3],"8":[0,3],"9":[3,16],"10":[19,7],"11":[4,12],"12":[3,16],"13":[19,7],"14":[4,12],"15":[3,16],"16":[19,7],"17":[4,12],"18":[0,19],"19":[19,7],"20":[7,12],"21":[0,19],"22":[19,7],"23":[7,12]}}
,"C:\\Users\\Gamer\\Documents\\Reciclaje\\frontend\\src\\components\\Header.tsx": {"path":"C:\\Users\\Gamer\\Documents\\Reciclaje\\frontend\\src\\components\\Header.tsx","statementMap":{"0":{"start":{"line":1,"column":0},"end":{"line":1,"column":44}},"1":{"start":{"line":17,"column":38},"end":{"line":17,"column":53}},"2":{"start":{"line":19,"column":2},"end":{"line":23,"column":9}},"3":{"start":{"line":20,"column":25},"end":{"line":20,"column":65}},"4":{"start":{"line":20,"column":31},"end":{"line":20,"column":65}},"5":{"start":{"line":21,"column":4},"end":{"line":21,"column":52}},"6":{"start":{"line":22,"column":4},"end":{"line":22,"column":68}},"7":{"start":{"line":22,"column":17},"end":{"line":22,"column":67}},"8":{"start":{"line":25,"column":22},"end":{"line":32,"column":3}},"9":{"start":{"line":26,"column":21},"end":{"line":26,"column":49}},"10":{"start":{"line":27,"column":4},"end":{"line":31,"column":7}},"11":{"start":{"line":34,"column":2},"end":{"line":101,"column":4}},"12":{"start":{"line":40,"column":23},"end":{"line":40,"column":64}},"13":{"start":{"line":55,"column":25},"end":{"line":55,"column":66}},"14":{"start":{"line":67,"column":25},"end":{"line":67,"column":48}},"15":{"start":{"line":73,"column":25},"end":{"line":73,"column":50}},"16":{"start":{"line":11,"column":0},"end":{"line":11,"column":24}}},"fnMap":{"0":{"name":"Header","decl":{"start":{"line":11,"column":24},"end":{"line":11,"column":30}},"loc":{"start":{"line":16,"column":14},"end":{"line":102,"column":1}}},"1":{"name":"(anonymous_1)","decl":{"start":{"line":19,"column":12},"end":{"line":19,"column":15}},"loc":{"start":{"line":19,"column":17},"end":{"line":23,"column":3}}},"2":{"name":"(anonymous_2)","decl":{"start":{"line":20,"column":25},"end":{"line":20,"column":28}},"loc":{"start":{"line":20,"column":31},"end":{"line":20,"column":65}}},"3":{"name":"(anonymous_3)","decl":{"start":{"line":22,"column":11},"end":{"line":22,"column":14}},"loc":{"start":{"line":22,"column":17},"end":{"line":22,"column":67}}},"4":{"name":"(anonymous_4)","decl":{"start":{"line":25,"column":22},"end":{"line":25,"column":23}},"loc":{"start":{"line":25,"column":43},"end":{"line":32,"column":3}}},"5":{"name":"(anonymous_5)","decl":{"start":{"line":40,"column":17},"end":{"line":40,"column":20}},"loc":{"start":{"line":40,"column":23},"end":{"line":40,"column":64}}},"6":{"name":"(anonymous_6)","decl":{"start":{"line":55,"column":19},"end":{"line":55,"column":22}},"loc":{"start":{"line":55,"column":25},"end":{"line":55,"column":66}}},"7":{"name":"(anonymous_7)","decl":{"start":{"line":67,"column":19},"end":{"line":67,"column":22}},"loc":{"start":{"line":67,"column":25},"end":{"line":67,"column":48}}},"8":{"name":"(anonymous_8)","decl":{"start":{"line":73,"column":19},"end":{"line":73,"column":22}},"loc":{"start":{"line":73,"column":25},"end":{"line":73,"column":50}}}},"branchMap":{"0":{"loc":{"start":{"line":28,"column":6},"end":{"line":30,"column":null}},"type":"cond-expr","locations":[{"start":{"line":29,"column":10},"end":{"line":29,"column":69}},{"start":{"line":30,"column":10},"end":{"line":30,"column":null}}]},"1":{"loc":{"start":{"line":36,"column":145},"end":{"line":36,"column":197}},"type":"cond-expr","locations":[{"start":{"line":36,"column":158},"end":{"line":36,"column":178}},{"start":{"line":36,"column":181},"end":{"line":36,"column":197}}]},"2":{"loc":{"start":{"line":40,"column":38},"end":{"line":40,"column":63}},"type":"cond-expr","locations":[{"start":{"line":40,"column":47},"end":{"line":40,"column":53}},{"start":{"line":40,"column":56},"end":{"line":40,"column":63}}]},"3":{"loc":{"start":{"line":55,"column":40},"end":{"line":55,"column":65}},"type":"cond-expr","locations":[{"start":{"line":55,"column":49},"end":{"line":55,"column":55}},{"start":{"line":55,"column":58},"end":{"line":55,"column":65}}]},"4":{"loc":{"start":{"line":82,"column":9},"end":{"line":97,"column":null}},"type":"binary-expr","locations":[{"start":{"line":82,"column":9},"end":{"line":82,"column":15}},{"start":{"line":83,"column":10},"end":{"line":96,"column":null}}]}},"s":{"0":1,"1":1,"2":1,"3":1,"4":0,"5":1,"6":1,"7":1,"8":1,"9":3,"10":3,"11":1,"12":0,"13":0,"14":0,"15":0,"16":1},"f":{"0":1,"1":1,"2":0,"3":1,"4":3,"5":0,"6":0,"7":0,"8":0},"b":{"0":[1,2],"1":[0,1],"2":[0,0],"3":[0,0],"4":[1,0]}}
}
