{"C:\\Users\\Gamer\\Documents\\Reciclaje\\frontend\\src\\components\\dashboards\\ReportsView.tsx": {"path":"C:\\Users\\Gamer\\Documents\\Reciclaje\\frontend\\src\\components\\dashboards\\ReportsView.tsx","statementMap":{"0":{"start":{"line":7,"column":21},"end":{"line":12,"column":2}},"1":{"start":{"line":19,"column":26},"end":{"line":382,"column":3}},"2":{"start":{"line":20,"column":24},"end":{"line":20,"column":74}},"3":{"start":{"line":21,"column":4},"end":{"line":23,"column":null}},"4":{"start":{"line":22,"column":6},"end":{"line":22,"column":13}},"5":{"start":{"line":25,"column":23},"end":{"line":374,"column":6}},"6":{"start":{"line":338,"column":36},"end":{"line":344,"column":null}},"7":{"start":{"line":376,"column":4},"end":{"line":376,"column":43}},"8":{"start":{"line":377,"column":4},"end":{"line":377,"column":33}},"9":{"start":{"line":378,"column":4},"end":{"line":378,"column":24}},"10":{"start":{"line":379,"column":4},"end":{"line":381,"column":12}},"11":{"start":{"line":380,"column":6},"end":{"line":380,"column":26}},"12":{"start":{"line":384,"column":2},"end":{"line":478,"column":4}},"13":{"start":{"line":14,"column":0},"end":{"line":14,"column":24}}},"fnMap":{"0":{"name":"ReportsView","decl":{"start":{"line":14,"column":24},"end":{"line":14,"column":35}},"loc":{"start":{"line":18,"column":19},"end":{"line":479,"column":1}}},"1":{"name":"(anonymous_1)","decl":{"start":{"line":19,"column":26},"end":{"line":19,"column":29}},"loc":{"start":{"line":19,"column":31},"end":{"line":382,"column":3}}},"2":{"name":"(anonymous_2)","decl":{"start":{"line":338,"column":26},"end":{"line":338,"column":27}},"loc":{"start":{"line":338,"column":36},"end":{"line":344,"column":null}}},"3":{"name":"(anonymous_3)","decl":{"start":{"line":379,"column":22},"end":{"line":379,"column":25}},"loc":{"start":{"line":379,"column":27},"end":{"line":381,"column":5}}}},"branchMap":{"0":{"loc":{"start":{"line":21,"column":4},"end":{"line":23,"column":null}},"type":"if","locations":[{"start":{"line":21,"column":4},"end":{"line":23,"column":null}}]}},"s":{"0":1,"1":1,"2":1,"3":1,"4":0,"5":1,"6":4,"7":1,"8":1,"9":1,"10":1,"11":1,"12":1,"13":1},"f":{"0":1,"1":1,"2":4,"3":1},"b":{"0":[0]}}
}
