TN:
SF:src\App.tsx
FN:44,AppContent
FN:50,(anonymous_2)
FN:55,(anonymous_3)
FN:71,(anonymous_4)
FN:123,(anonymous_5)
FN:128,(anonymous_6)
FN:137,(anonymous_7)
FN:230,App
FNF:8
FNH:6
FNDA:19,AppContent
FNDA:3,(anonymous_2)
FNDA:1,(anonymous_3)
FNDA:1,(anonymous_4)
FNDA:0,(anonymous_5)
FNDA:0,(anonymous_6)
FNDA:1,(anonymous_7)
FNDA:7,App
DA:1,1
DA:2,1
DA:10,1
DA:11,1
DA:12,1
DA:13,1
DA:14,1
DA:15,1
DA:16,1
DA:17,1
DA:18,1
DA:19,1
DA:20,1
DA:21,1
DA:22,1
DA:45,19
DA:47,19
DA:48,19
DA:50,19
DA:51,3
DA:52,3
DA:55,19
DA:56,1
DA:57,1
DA:68,19
DA:69,19
DA:71,19
DA:72,1
DA:73,1
DA:74,1
DA:77,19
DA:78,19
DA:80,19
DA:124,0
DA:129,0
DA:138,1
DA:231,7
DA:238,1
LF:38
LH:36
BRDA:68,0,0,11
BRDA:68,0,1,8
BRDA:72,1,0,0
BRDA:72,1,1,1
BRDA:73,2,0,0
BRDA:73,2,1,1
BRDA:82,3,0,19
BRDA:82,3,1,13
BRDA:86,4,0,13
BRDA:86,4,1,10
BRDA:97,5,0,12
BRDA:97,5,1,7
BRDA:111,6,0,7
BRDA:111,6,1,12
BRDA:112,7,0,4
BRDA:112,7,1,3
BRDA:118,8,0,0
BRDA:118,8,1,3
BRDA:151,9,0,3
BRDA:151,9,1,16
BRDA:151,10,0,19
BRDA:151,10,1,7
BRDA:158,11,0,4
BRDA:158,11,1,12
BRDA:166,12,0,3
BRDA:166,12,1,16
BRDA:166,13,0,19
BRDA:166,13,1,7
BRDA:172,14,0,4
BRDA:172,14,1,12
BRDA:180,15,0,3
BRDA:180,15,1,16
BRDA:180,16,0,19
BRDA:180,16,1,7
BRDA:186,17,0,4
BRDA:186,17,1,12
BRDA:194,18,0,0
BRDA:194,18,1,19
BRDA:194,19,0,19
BRDA:194,19,1,7
BRDA:200,20,0,7
BRDA:200,20,1,12
BRDA:208,21,0,0
BRDA:208,21,1,19
BRDA:208,22,0,19
BRDA:208,22,1,7
BRDA:214,23,0,7
BRDA:214,23,1,12
BRF:48
BRH:43
end_of_record
TN:
SF:src\components\Header.tsx
FN:11,Header
FN:19,(anonymous_1)
FN:20,(anonymous_2)
FN:22,(anonymous_3)
FN:25,(anonymous_4)
FN:40,(anonymous_5)
FN:55,(anonymous_6)
FN:67,(anonymous_7)
FN:73,(anonymous_8)
FNF:9
FNH:4
FNDA:1,Header
FNDA:1,(anonymous_1)
FNDA:0,(anonymous_2)
FNDA:1,(anonymous_3)
FNDA:3,(anonymous_4)
FNDA:0,(anonymous_5)
FNDA:0,(anonymous_6)
FNDA:0,(anonymous_7)
FNDA:0,(anonymous_8)
DA:1,1
DA:11,1
DA:17,1
DA:19,1
DA:20,1
DA:21,1
DA:22,1
DA:25,1
DA:26,3
DA:27,3
DA:34,1
DA:40,0
DA:55,0
DA:67,0
DA:73,0
LF:15
LH:11
BRDA:28,0,0,1
BRDA:28,0,1,2
BRDA:36,1,0,0
BRDA:36,1,1,1
BRDA:40,2,0,0
BRDA:40,2,1,0
BRDA:55,3,0,0
BRDA:55,3,1,0
BRDA:82,4,0,1
BRDA:82,4,1,0
BRF:10
BRH:4
end_of_record
