<?xml version="1.0" encoding="UTF-8"?>
<coverage generated="1786669741379" clover="3.2.0">
  <project timestamp="1786669741379" name="All files">
    <metrics statements="157" coveredstatements="129" conditionals="91" coveredconditionals="59" methods="13" coveredmethods="13" elements="261" coveredelements="201" complexity="0" loc="157" ncloc="157" packages="1" files="3" classes="3"/>
    <file name="auth.ts" path="C:\Users\Gamer\Documents\Reciclaje\backend\src\routes\auth.ts">
      <metrics statements="55" coveredstatements="44" conditionals="35" coveredconditionals="23" methods="3" coveredmethods="3"/>
      <line num="1" count="1" type="stmt"/>
      <line num="2" count="1" type="stmt"/>
      <line num="3" count="1" type="stmt"/>
      <line num="5" count="1" type="stmt"/>
      <line num="7" count="1" type="stmt"/>
      <line num="13" count="1" type="stmt"/>
      <line num="14" count="3" type="cond" truecount="2" falsecount="1"/>
      <line num="15" count="0" type="stmt"/>
      <line num="18" count="3" type="cond" truecount="1" falsecount="1"/>
      <line num="22" count="3" type="cond" truecount="1" falsecount="0"/>
      <line num="23" count="2" type="cond" truecount="2" falsecount="1"/>
      <line num="24" count="0" type="cond" truecount="0" falsecount="3"/>
      <line num="26" count="0" type="stmt"/>
      <line num="32" count="1" type="stmt"/>
      <line num="33" count="3" type="stmt"/>
      <line num="34" count="3" type="stmt"/>
      <line num="36" count="3" type="cond" truecount="3" falsecount="0"/>
      <line num="37" count="1" type="stmt"/>
      <line num="40" count="2" type="stmt"/>
      <line num="48" count="2" type="cond" truecount="1" falsecount="0"/>
      <line num="49" count="1" type="stmt"/>
      <line num="52" count="1" type="stmt"/>
      <line num="54" count="1" type="cond" truecount="0" falsecount="1"/>
      <line num="55" count="0" type="stmt"/>
      <line num="58" count="1" type="stmt"/>
      <line num="67" count="0" type="stmt"/>
      <line num="68" count="0" type="stmt"/>
      <line num="75" count="1" type="stmt"/>
      <line num="76" count="3" type="stmt"/>
      <line num="87" count="3" type="stmt"/>
      <line num="89" count="3" type="cond" truecount="3" falsecount="1"/>
      <line num="90" count="0" type="stmt"/>
      <line num="93" count="3" type="stmt"/>
      <line num="94" count="3" type="cond" truecount="0" falsecount="1"/>
      <line num="95" count="0" type="stmt"/>
      <line num="98" count="3" type="cond" truecount="4" falsecount="0"/>
      <line num="99" count="1" type="stmt"/>
      <line num="102" count="2" type="stmt"/>
      <line num="103" count="2" type="stmt"/>
      <line num="105" count="2" type="stmt"/>
      <line num="107" count="2" type="stmt"/>
      <line num="125" count="1" type="stmt"/>
      <line num="126" count="1" type="cond" truecount="0" falsecount="1"/>
      <line num="127" count="0" type="stmt"/>
      <line num="130" count="1" type="cond" truecount="1" falsecount="0"/>
      <line num="131" count="1" type="stmt"/>
      <line num="147" count="1" type="stmt"/>
      <line num="149" count="1" type="stmt"/>
      <line num="151" count="1" type="stmt"/>
      <line num="152" count="1" type="stmt"/>
      <line num="157" count="1" type="cond" truecount="1" falsecount="0"/>
      <line num="158" count="1" type="stmt"/>
      <line num="160" count="0" type="stmt"/>
      <line num="161" count="0" type="stmt"/>
      <line num="165" count="1" type="stmt"/>
    </file>
    <file name="dashboard.ts" path="C:\Users\Gamer\Documents\Reciclaje\backend\src\routes\dashboard.ts">
      <metrics statements="41" coveredstatements="35" conditionals="28" coveredconditionals="15" methods="4" coveredmethods="4"/>
      <line num="1" count="1" type="stmt"/>
      <line num="2" count="1" type="stmt"/>
      <line num="4" count="1" type="stmt"/>
      <line num="6" count="1" type="stmt"/>
      <line num="7" count="1" type="stmt"/>
      <line num="8" count="1" type="stmt"/>
      <line num="9" count="1" type="stmt"/>
      <line num="14" count="1" type="stmt"/>
      <line num="19" count="1" type="stmt"/>
      <line num="33" count="1" type="stmt"/>
      <line num="43" count="1" type="stmt"/>
      <line num="49" count="1" type="stmt"/>
      <line num="64" count="0" type="stmt"/>
      <line num="65" count="0" type="stmt"/>
      <line num="69" count="1" type="stmt"/>
      <line num="70" count="2" type="stmt"/>
      <line num="71" count="2" type="stmt"/>
      <line num="73" count="2" type="stmt"/>
      <line num="86" count="2" type="cond" truecount="1" falsecount="0"/>
      <line num="87" count="1" type="stmt"/>
      <line num="94" count="1" type="stmt"/>
      <line num="103" count="1" type="stmt"/>
      <line num="119" count="1" type="cond" truecount="1" falsecount="1"/>
      <line num="121" count="1" type="stmt"/>
      <line num="136" count="0" type="stmt"/>
      <line num="137" count="0" type="stmt"/>
      <line num="141" count="1" type="stmt"/>
      <line num="142" count="2" type="stmt"/>
      <line num="143" count="2" type="stmt"/>
      <line num="145" count="2" type="stmt"/>
      <line num="152" count="2" type="cond" truecount="1" falsecount="0"/>
      <line num="153" count="1" type="stmt"/>
      <line num="161" count="1" type="stmt"/>
      <line num="170" count="1" type="stmt"/>
      <line num="178" count="1" type="stmt"/>
      <line num="190" count="1" type="stmt"/>
      <line num="208" count="1" type="stmt"/>
      <line num="221" count="1" type="stmt"/>
      <line num="233" count="0" type="stmt"/>
      <line num="234" count="0" type="stmt"/>
      <line num="238" count="1" type="stmt"/>
    </file>
    <file name="waste.ts" path="C:\Users\Gamer\Documents\Reciclaje\backend\src\routes\waste.ts">
      <metrics statements="61" coveredstatements="50" conditionals="28" coveredconditionals="21" methods="6" coveredmethods="6"/>
      <line num="1" count="1" type="stmt"/>
      <line num="2" count="1" type="stmt"/>
      <line num="4" count="1" type="stmt"/>
      <line num="6" count="1" type="stmt"/>
      <line num="27" count="1" type="stmt"/>
      <line num="28" count="2" type="stmt"/>
      <line num="34" count="1" type="stmt"/>
      <line num="35" count="4" type="stmt"/>
      <line num="42" count="4" type="cond" truecount="2" falsecount="0"/>
      <line num="48" count="1" type="stmt"/>
      <line num="49" count="4" type="stmt"/>
      <line num="50" count="4" type="stmt"/>
      <line num="52" count="4" type="cond" truecount="5" falsecount="0"/>
      <line num="53" count="1" type="stmt"/>
      <line num="56" count="3" type="stmt"/>
      <line num="58" count="3" type="cond" truecount="3" falsecount="0"/>
      <line num="59" count="2" type="stmt"/>
      <line num="60" count="2" type="cond" truecount="2" falsecount="0"/>
      <line num="62" count="2" type="stmt"/>
      <line num="69" count="2" type="cond" truecount="1" falsecount="0"/>
      <line num="70" count="1" type="stmt"/>
      <line num="73" count="1" type="stmt"/>
      <line num="76" count="2" type="cond" truecount="0" falsecount="1"/>
      <line num="77" count="0" type="stmt"/>
      <line num="80" count="2" type="stmt"/>
      <line num="81" count="2" type="cond" truecount="0" falsecount="1"/>
      <line num="82" count="0" type="stmt"/>
      <line num="85" count="2" type="cond" truecount="1" falsecount="1"/>
      <line num="86" count="2" type="cond" truecount="2" falsecount="1"/>
      <line num="87" count="0" type="stmt"/>
      <line num="90" count="2" type="stmt"/>
      <line num="91" count="2" type="stmt"/>
      <line num="92" count="2" type="cond" truecount="1" falsecount="0"/>
      <line num="93" count="1" type="stmt"/>
      <line num="96" count="1" type="stmt"/>
      <line num="106" count="1" type="stmt"/>
      <line num="108" count="0" type="stmt"/>
      <line num="109" count="0" type="stmt"/>
      <line num="113" count="1" type="stmt"/>
      <line num="114" count="1" type="stmt"/>
      <line num="115" count="1" type="stmt"/>
      <line num="122" count="1" type="cond" truecount="1" falsecount="1"/>
      <line num="124" count="0" type="stmt"/>
      <line num="125" count="0" type="stmt"/>
      <line num="132" count="1" type="stmt"/>
      <line num="133" count="1" type="stmt"/>
      <line num="137" count="1" type="stmt"/>
      <line num="149" count="1" type="cond" truecount="1" falsecount="1"/>
      <line num="151" count="0" type="stmt"/>
      <line num="152" count="0" type="stmt"/>
      <line num="159" count="1" type="stmt"/>
      <line num="160" count="2" type="stmt"/>
      <line num="161" count="2" type="stmt"/>
      <line num="163" count="2" type="stmt"/>
      <line num="164" count="2" type="cond" truecount="1" falsecount="0"/>
      <line num="165" count="1" type="stmt"/>
      <line num="170" count="1" type="stmt"/>
      <line num="186" count="1" type="cond" truecount="1" falsecount="1"/>
      <line num="188" count="0" type="stmt"/>
      <line num="189" count="0" type="stmt"/>
      <line num="193" count="1" type="stmt"/>
    </file>
  </project>
</coverage>
