{"C:\\Users\\Gamer\\Documents\\Reciclaje\\backend\\src\\routes\\auth.ts": {"path":"C:\\Users\\Gamer\\Documents\\Reciclaje\\backend\\src\\routes\\auth.ts","statementMap":{"0":{"start":{"line":1,"column":0},"end":{"line":1,"column":30}},"1":{"start":{"line":2,"column":0},"end":{"line":2,"column":28}},"2":{"start":{"line":3,"column":0},"end":{"line":3,"column":53}},"3":{"start":{"line":4,"column":0},"end":{"line":4,"column":64}},"4":{"start":{"line":6,"column":15},"end":{"line":6,"column":31}},"5":{"start":{"line":8,"column":50},"end":{"line":12,"column":2}},"6":{"start":{"line":14,"column":27},"end":{"line":28,"column":1}},"7":{"start":{"line":15,"column":2},"end":{"line":17,"column":null}},"8":{"start":{"line":16,"column":4},"end":{"line":16,"column":17}},"9":{"start":{"line":19,"column":21},"end":{"line":21,"column":18}},"10":{"start":{"line":23,"column":2},"end":{"line":23,"column":47}},"11":{"start":{"line":23,"column":38},"end":{"line":23,"column":47}},"12":{"start":{"line":24,"column":2},"end":{"line":24,"column":77}},"13":{"start":{"line":24,"column":68},"end":{"line":24,"column":77}},"14":{"start":{"line":25,"column":2},"end":{"line":25,"column":84}},"15":{"start":{"line":25,"column":75},"end":{"line":25,"column":84}},"16":{"start":{"line":27,"column":2},"end":{"line":27,"column":11}},"17":{"start":{"line":33,"column":0},"end":{"line":80,"column":3}},"18":{"start":{"line":34,"column":2},"end":{"line":79,"column":null}},"19":{"start":{"line":35,"column":33},"end":{"line":35,"column":41}},"20":{"start":{"line":37,"column":4},"end":{"line":39,"column":null}},"21":{"start":{"line":38,"column":6},"end":{"line":38,"column":89}},"22":{"start":{"line":41,"column":17},"end":{"line":46,"column":null}},"23":{"start":{"line":49,"column":4},"end":{"line":51,"column":null}},"24":{"start":{"line":50,"column":6},"end":{"line":50,"column":71}},"25":{"start":{"line":53,"column":20},"end":{"line":53,"column":67}},"26":{"start":{"line":55,"column":4},"end":{"line":57,"column":null}},"27":{"start":{"line":56,"column":6},"end":{"line":56,"column":71}},"28":{"start":{"line":59,"column":25},"end":{"line":59,"column":69}},"29":{"start":{"line":60,"column":18},"end":{"line":65,"column":6}},"30":{"start":{"line":67,"column":4},"end":{"line":75,"column":7}},"31":{"start":{"line":77,"column":4},"end":{"line":77,"column":41}},"32":{"start":{"line":78,"column":4},"end":{"line":78,"column":66}},"33":{"start":{"line":85,"column":0},"end":{"line":173,"column":3}},"34":{"start":{"line":86,"column":2},"end":{"line":172,"column":null}},"35":{"start":{"line":97,"column":8},"end":{"line":97,"column":16}},"36":{"start":{"line":99,"column":4},"end":{"line":101,"column":null}},"37":{"start":{"line":100,"column":6},"end":{"line":100,"column":92}},"38":{"start":{"line":103,"column":29},"end":{"line":103,"column":67}},"39":{"start":{"line":104,"column":4},"end":{"line":106,"column":null}},"40":{"start":{"line":105,"column":6},"end":{"line":105,"column":61}},"41":{"start":{"line":108,"column":4},"end":{"line":110,"column":null}},"42":{"start":{"line":109,"column":6},"end":{"line":109,"column":95}},"43":{"start":{"line":112,"column":23},"end":{"line":112,"column":25}},"44":{"start":{"line":113,"column":27},"end":{"line":113,"column":66}},"45":{"start":{"line":115,"column":4},"end":{"line":115,"column":37}},"46":{"start":{"line":117,"column":4},"end":{"line":133,"column":6}},"47":{"start":{"line":135,"column":24},"end":{"line":135,"column":97}},"48":{"start":{"line":136,"column":4},"end":{"line":138,"column":null}},"49":{"start":{"line":137,"column":6},"end":{"line":137,"column":68}},"50":{"start":{"line":140,"column":4},"end":{"line":155,"column":null}},"51":{"start":{"line":141,"column":6},"end":{"line":154,"column":8}},"52":{"start":{"line":157,"column":4},"end":{"line":157,"column":26}},"53":{"start":{"line":159,"column":4},"end":{"line":159,"column":75}},"54":{"start":{"line":161,"column":4},"end":{"line":165,"column":null}},"55":{"start":{"line":162,"column":6},"end":{"line":162,"column":30}},"56":{"start":{"line":167,"column":4},"end":{"line":169,"column":null}},"57":{"start":{"line":168,"column":6},"end":{"line":168,"column":101}},"58":{"start":{"line":170,"column":4},"end":{"line":170,"column":44}},"59":{"start":{"line":171,"column":4},"end":{"line":171,"column":66}},"60":{"start":{"line":175,"column":0},"end":{"line":175,"column":22}}},"fnMap":{"0":{"name":"(anonymous_1)","decl":{"start":{"line":14,"column":27},"end":{"line":14,"column":28}},"loc":{"start":{"line":14,"column":73},"end":{"line":28,"column":1}}},"1":{"name":"(anonymous_2)","decl":{"start":{"line":33,"column":22},"end":{"line":33,"column":27}},"loc":{"start":{"line":33,"column":41},"end":{"line":80,"column":1}}},"2":{"name":"(anonymous_3)","decl":{"start":{"line":85,"column":25},"end":{"line":85,"column":30}},"loc":{"start":{"line":85,"column":44},"end":{"line":173,"column":1}}}},"branchMap":{"0":{"loc":{"start":{"line":15,"column":2},"end":{"line":17,"column":null}},"type":"if","locations":[{"start":{"line":15,"column":2},"end":{"line":17,"column":null}}]},"1":{"loc":{"start":{"line":15,"column":6},"end":{"line":15,"column":58}},"type":"binary-expr","locations":[{"start":{"line":15,"column":6},"end":{"line":15,"column":31}},{"start":{"line":15,"column":35},"end":{"line":15,"column":58}}]},"2":{"loc":{"start":{"line":19,"column":28},"end":{"line":19,"column":42}},"type":"binary-expr","locations":[{"start":{"line":19,"column":28},"end":{"line":19,"column":36}},{"start":{"line":19,"column":40},"end":{"line":19,"column":42}}]},"3":{"loc":{"start":{"line":23,"column":2},"end":{"line":23,"column":47}},"type":"if","locations":[{"start":{"line":23,"column":2},"end":{"line":23,"column":47}}]},"4":{"loc":{"start":{"line":24,"column":2},"end":{"line":24,"column":77}},"type":"if","locations":[{"start":{"line":24,"column":2},"end":{"line":24,"column":77}}]},"5":{"loc":{"start":{"line":24,"column":6},"end":{"line":24,"column":66}},"type":"binary-expr","locations":[{"start":{"line":24,"column":6},"end":{"line":24,"column":27}},{"start":{"line":24,"column":31},"end":{"line":24,"column":66}}]},"6":{"loc":{"start":{"line":25,"column":2},"end":{"line":25,"column":84}},"type":"if","locations":[{"start":{"line":25,"column":2},"end":{"line":25,"column":84}}]},"7":{"loc":{"start":{"line":25,"column":6},"end":{"line":25,"column":73}},"type":"binary-expr","locations":[{"start":{"line":25,"column":6},"end":{"line":25,"column":33}},{"start":{"line":25,"column":37},"end":{"line":25,"column":73}}]},"8":{"loc":{"start":{"line":37,"column":4},"end":{"line":39,"column":null}},"type":"if","locations":[{"start":{"line":37,"column":4},"end":{"line":39,"column":null}}]},"9":{"loc":{"start":{"line":37,"column":8},"end":{"line":37,"column":28}},"type":"binary-expr","locations":[{"start":{"line":37,"column":8},"end":{"line":37,"column":15}},{"start":{"line":37,"column":19},"end":{"line":37,"column":28}}]},"10":{"loc":{"start":{"line":49,"column":4},"end":{"line":51,"column":null}},"type":"if","locations":[{"start":{"line":49,"column":4},"end":{"line":51,"column":null}}]},"11":{"loc":{"start":{"line":55,"column":4},"end":{"line":57,"column":null}},"type":"if","locations":[{"start":{"line":55,"column":4},"end":{"line":57,"column":null}}]},"12":{"loc":{"start":{"line":59,"column":25},"end":{"line":59,"column":69}},"type":"binary-expr","locations":[{"start":{"line":59,"column":25},"end":{"line":59,"column":59}},{"start":{"line":59,"column":63},"end":{"line":59,"column":69}}]},"13":{"loc":{"start":{"line":99,"column":4},"end":{"line":101,"column":null}},"type":"if","locations":[{"start":{"line":99,"column":4},"end":{"line":101,"column":null}}]},"14":{"loc":{"start":{"line":99,"column":8},"end":{"line":99,"column":47}},"type":"binary-expr","locations":[{"start":{"line":99,"column":8},"end":{"line":99,"column":15}},{"start":{"line":99,"column":19},"end":{"line":99,"column":28}},{"start":{"line":99,"column":32},"end":{"line":99,"column":47}}]},"15":{"loc":{"start":{"line":104,"column":4},"end":{"line":106,"column":null}},"type":"if","locations":[{"start":{"line":104,"column":4},"end":{"line":106,"column":null}}]},"16":{"loc":{"start":{"line":108,"column":4},"end":{"line":110,"column":null}},"type":"if","locations":[{"start":{"line":108,"column":4},"end":{"line":110,"column":null}}]},"17":{"loc":{"start":{"line":108,"column":8},"end":{"line":108,"column":63}},"type":"binary-expr","locations":[{"start":{"line":108,"column":8},"end":{"line":108,"column":30}},{"start":{"line":108,"column":35},"end":{"line":108,"column":46}},{"start":{"line":108,"column":50},"end":{"line":108,"column":62}}]},"18":{"loc":{"start":{"line":131,"column":8},"end":{"line":131,"column":24}},"type":"binary-expr","locations":[{"start":{"line":131,"column":8},"end":{"line":131,"column":16}},{"start":{"line":131,"column":20},"end":{"line":131,"column":24}}]},"19":{"loc":{"start":{"line":136,"column":4},"end":{"line":138,"column":null}},"type":"if","locations":[{"start":{"line":136,"column":4},"end":{"line":138,"column":null}}]},"20":{"loc":{"start":{"line":140,"column":4},"end":{"line":155,"column":null}},"type":"if","locations":[{"start":{"line":140,"column":4},"end":{"line":155,"column":null}}]},"21":{"loc":{"start":{"line":152,"column":10},"end":{"line":152,"column":42}},"type":"binary-expr","locations":[{"start":{"line":152,"column":10},"end":{"line":152,"column":34}},{"start":{"line":152,"column":38},"end":{"line":152,"column":42}}]},"22":{"loc":{"start":{"line":167,"column":4},"end":{"line":169,"column":null}},"type":"if","locations":[{"start":{"line":167,"column":4},"end":{"line":169,"column":null}}]}},"s":{"0":1,"1":1,"2":1,"3":1,"4":1,"5":1,"6":1,"7":3,"8":0,"9":3,"10":3,"11":1,"12":2,"13":2,"14":0,"15":0,"16":0,"17":1,"18":3,"19":3,"20":3,"21":1,"22":2,"23":2,"24":1,"25":1,"26":1,"27":0,"28":1,"29":1,"30":1,"31":0,"32":0,"33":1,"34":3,"35":3,"36":3,"37":0,"38":3,"39":3,"40":0,"41":3,"42":1,"43":2,"44":2,"45":2,"46":2,"47":1,"48":1,"49":0,"50":1,"51":1,"52":1,"53":1,"54":1,"55":1,"56":1,"57":1,"58":0,"59":0,"60":1},"f":{"0":3,"1":3,"2":3},"b":{"0":[0],"1":[3,3],"2":[3,0],"3":[1],"4":[2],"5":[2,0],"6":[0],"7":[0,0],"8":[1],"9":[3,2],"10":[1],"11":[0],"12":[1,0],"13":[0],"14":[3,3,3],"15":[0],"16":[1],"17":[3,2,1],"18":[2,1],"19":[0],"20":[1],"21":[1,0],"22":[1]}}
,"C:\\Users\\Gamer\\Documents\\Reciclaje\\backend\\src\\routes\\dashboard.ts": {"path":"C:\\Users\\Gamer\\Documents\\Reciclaje\\backend\\src\\routes\\dashboard.ts","statementMap":{"0":{"start":{"line":1,"column":0},"end":{"line":1,"column":30}},"1":{"start":{"line":2,"column":0},"end":{"line":2,"column":53}},"2":{"start":{"line":3,"column":0},"end":{"line":3,"column":68}},"3":{"start":{"line":5,"column":15},"end":{"line":5,"column":31}},"4":{"start":{"line":7,"column":0},"end":{"line":7,"column":30}},"5":{"start":{"line":9,"column":0},"end":{"line":70,"column":3}},"6":{"start":{"line":10,"column":1},"end":{"line":69,"column":null}},"7":{"start":{"line":11,"column":24},"end":{"line":11,"column":77}},"8":{"start":{"line":12,"column":29},"end":{"line":15,"column":null}},"9":{"start":{"line":17,"column":24},"end":{"line":19,"column":null}},"10":{"start":{"line":22,"column":16},"end":{"line":33,"column":null}},"11":{"start":{"line":36,"column":21},"end":{"line":43,"column":null}},"12":{"start":{"line":46,"column":2},"end":{"line":65,"column":5}},"13":{"start":{"line":52,"column":28},"end":{"line":63,"column":5}},"14":{"start":{"line":67,"column":2},"end":{"line":67,"column":53}},"15":{"start":{"line":68,"column":2},"end":{"line":68,"column":64}},"16":{"start":{"line":72,"column":0},"end":{"line":96,"column":3}},"17":{"start":{"line":73,"column":1},"end":{"line":95,"column":null}},"18":{"start":{"line":74,"column":18},"end":{"line":88,"column":null}},"19":{"start":{"line":91,"column":2},"end":{"line":91,"column":20}},"20":{"start":{"line":93,"column":2},"end":{"line":93,"column":61}},"21":{"start":{"line":94,"column":2},"end":{"line":94,"column":64}},"22":{"start":{"line":98,"column":0},"end":{"line":135,"column":3}},"23":{"start":{"line":99,"column":1},"end":{"line":134,"column":null}},"24":{"start":{"line":100,"column":19},"end":{"line":100,"column":46}},"25":{"start":{"line":101,"column":2},"end":{"line":103,"column":null}},"26":{"start":{"line":102,"column":3},"end":{"line":102,"column":79}},"27":{"start":{"line":105,"column":17},"end":{"line":123,"column":null}},"28":{"start":{"line":126,"column":2},"end":{"line":128,"column":null}},"29":{"start":{"line":127,"column":3},"end":{"line":127,"column":67}},"30":{"start":{"line":130,"column":2},"end":{"line":130,"column":19}},"31":{"start":{"line":132,"column":2},"end":{"line":132,"column":71}},"32":{"start":{"line":133,"column":2},"end":{"line":133,"column":64}},"33":{"start":{"line":137,"column":0},"end":{"line":207,"column":3}},"34":{"start":{"line":138,"column":1},"end":{"line":206,"column":null}},"35":{"start":{"line":139,"column":17},"end":{"line":139,"column":42}},"36":{"start":{"line":141,"column":18},"end":{"line":151,"column":null}},"37":{"start":{"line":154,"column":2},"end":{"line":160,"column":null}},"38":{"start":{"line":155,"column":3},"end":{"line":159,"column":6}},"39":{"start":{"line":162,"column":21},"end":{"line":168,"column":null}},"40":{"start":{"line":171,"column":18},"end":{"line":184,"column":null}},"41":{"start":{"line":187,"column":22},"end":{"line":187,"column":58}},"42":{"start":{"line":189,"column":2},"end":{"line":202,"column":5}},"43":{"start":{"line":204,"column":2},"end":{"line":204,"column":60}},"44":{"start":{"line":205,"column":2},"end":{"line":205,"column":64}},"45":{"start":{"line":209,"column":0},"end":{"line":304,"column":3}},"46":{"start":{"line":210,"column":1},"end":{"line":303,"column":null}},"47":{"start":{"line":211,"column":17},"end":{"line":211,"column":42}},"48":{"start":{"line":213,"column":29},"end":{"line":217,"column":null}},"49":{"start":{"line":220,"column":2},"end":{"line":227,"column":null}},"50":{"start":{"line":221,"column":3},"end":{"line":226,"column":6}},"51":{"start":{"line":229,"column":28},"end":{"line":235,"column":null}},"52":{"start":{"line":238,"column":31},"end":{"line":243,"column":null}},"53":{"start":{"line":246,"column":22},"end":{"line":255,"column":null}},"54":{"start":{"line":258,"column":28},"end":{"line":273,"column":null}},"55":{"start":{"line":276,"column":19},"end":{"line":286,"column":null}},"56":{"start":{"line":289,"column":2},"end":{"line":299,"column":5}},"57":{"start":{"line":301,"column":2},"end":{"line":301,"column":66}},"58":{"start":{"line":302,"column":2},"end":{"line":302,"column":64}},"59":{"start":{"line":306,"column":0},"end":{"line":306,"column":22}}},"fnMap":{"0":{"name":"(anonymous_1)","decl":{"start":{"line":9,"column":21},"end":{"line":9,"column":26}},"loc":{"start":{"line":9,"column":41},"end":{"line":70,"column":1}}},"1":{"name":"(anonymous_2)","decl":{"start":{"line":52,"column":20},"end":{"line":52,"column":21}},"loc":{"start":{"line":52,"column":28},"end":{"line":63,"column":5}}},"2":{"name":"(anonymous_3)","decl":{"start":{"line":72,"column":29},"end":{"line":72,"column":34}},"loc":{"start":{"line":72,"column":49},"end":{"line":96,"column":1}}},"3":{"name":"(anonymous_4)","decl":{"start":{"line":98,"column":39},"end":{"line":98,"column":44}},"loc":{"start":{"line":98,"column":58},"end":{"line":135,"column":1}}},"4":{"name":"(anonymous_5)","decl":{"start":{"line":137,"column":28},"end":{"line":137,"column":33}},"loc":{"start":{"line":137,"column":47},"end":{"line":207,"column":1}}},"5":{"name":"(anonymous_6)","decl":{"start":{"line":209,"column":34},"end":{"line":209,"column":39}},"loc":{"start":{"line":209,"column":53},"end":{"line":304,"column":1}}}},"branchMap":{"0":{"loc":{"start":{"line":48,"column":16},"end":{"line":48,"column":41}},"type":"binary-expr","locations":[{"start":{"line":48,"column":16},"end":{"line":48,"column":36}},{"start":{"line":48,"column":40},"end":{"line":48,"column":41}}]},"1":{"loc":{"start":{"line":49,"column":21},"end":{"line":49,"column":51}},"type":"binary-expr","locations":[{"start":{"line":49,"column":21},"end":{"line":49,"column":46}},{"start":{"line":49,"column":50},"end":{"line":49,"column":51}}]},"2":{"loc":{"start":{"line":50,"column":34},"end":{"line":50,"column":59}},"type":"binary-expr","locations":[{"start":{"line":50,"column":34},"end":{"line":50,"column":54}},{"start":{"line":50,"column":58},"end":{"line":50,"column":59}}]},"3":{"loc":{"start":{"line":56,"column":5},"end":{"line":60,"column":15}},"type":"cond-expr","locations":[{"start":{"line":57,"column":8},"end":{"line":57,"column":23}},{"start":{"line":58,"column":8},"end":{"line":60,"column":15}}]},"4":{"loc":{"start":{"line":58,"column":8},"end":{"line":60,"column":15}},"type":"cond-expr","locations":[{"start":{"line":59,"column":9},"end":{"line":59,"column":21}},{"start":{"line":60,"column":9},"end":{"line":60,"column":15}}]},"5":{"loc":{"start":{"line":101,"column":2},"end":{"line":103,"column":null}},"type":"if","locations":[{"start":{"line":101,"column":2},"end":{"line":103,"column":null}}]},"6":{"loc":{"start":{"line":101,"column":6},"end":{"line":101,"column":50}},"type":"binary-expr","locations":[{"start":{"line":101,"column":6},"end":{"line":101,"column":33}},{"start":{"line":101,"column":37},"end":{"line":101,"column":50}}]},"7":{"loc":{"start":{"line":126,"column":2},"end":{"line":128,"column":null}},"type":"if","locations":[{"start":{"line":126,"column":2},"end":{"line":128,"column":null}}]},"8":{"loc":{"start":{"line":154,"column":2},"end":{"line":160,"column":null}},"type":"if","locations":[{"start":{"line":154,"column":2},"end":{"line":160,"column":null}}]},"9":{"loc":{"start":{"line":187,"column":29},"end":{"line":187,"column":57}},"type":"binary-expr","locations":[{"start":{"line":187,"column":29},"end":{"line":187,"column":52}},{"start":{"line":187,"column":56},"end":{"line":187,"column":57}}]},"10":{"loc":{"start":{"line":191,"column":13},"end":{"line":191,"column":34}},"type":"binary-expr","locations":[{"start":{"line":191,"column":13},"end":{"line":191,"column":28}},{"start":{"line":191,"column":32},"end":{"line":191,"column":34}}]},"11":{"loc":{"start":{"line":192,"column":14},"end":{"line":192,"column":36}},"type":"binary-expr","locations":[{"start":{"line":192,"column":14},"end":{"line":192,"column":30}},{"start":{"line":192,"column":34},"end":{"line":192,"column":36}}]},"12":{"loc":{"start":{"line":193,"column":14},"end":{"line":193,"column":36}},"type":"binary-expr","locations":[{"start":{"line":193,"column":14},"end":{"line":193,"column":30}},{"start":{"line":193,"column":34},"end":{"line":193,"column":36}}]},"13":{"loc":{"start":{"line":194,"column":15},"end":{"line":194,"column":38}},"type":"binary-expr","locations":[{"start":{"line":194,"column":15},"end":{"line":194,"column":32}},{"start":{"line":194,"column":36},"end":{"line":194,"column":38}}]},"14":{"loc":{"start":{"line":198,"column":25},"end":{"line":198,"column":54}},"type":"binary-expr","locations":[{"start":{"line":198,"column":25},"end":{"line":198,"column":49}},{"start":{"line":198,"column":53},"end":{"line":198,"column":54}}]},"15":{"loc":{"start":{"line":220,"column":2},"end":{"line":227,"column":null}},"type":"if","locations":[{"start":{"line":220,"column":2},"end":{"line":227,"column":null}}]},"16":{"loc":{"start":{"line":291,"column":27},"end":{"line":291,"column":56}},"type":"binary-expr","locations":[{"start":{"line":291,"column":27},"end":{"line":291,"column":51}},{"start":{"line":291,"column":55},"end":{"line":291,"column":56}}]},"17":{"loc":{"start":{"line":292,"column":30},"end":{"line":292,"column":62}},"type":"binary-expr","locations":[{"start":{"line":292,"column":30},"end":{"line":292,"column":57}},{"start":{"line":292,"column":61},"end":{"line":292,"column":62}}]}},"s":{"0":1,"1":1,"2":1,"3":1,"4":1,"5":1,"6":1,"7":1,"8":1,"9":1,"10":1,"11":1,"12":1,"13":1,"14":0,"15":0,"16":1,"17":1,"18":1,"19":1,"20":0,"21":0,"22":1,"23":1,"24":1,"25":1,"26":0,"27":1,"28":1,"29":0,"30":1,"31":0,"32":0,"33":1,"34":2,"35":2,"36":2,"37":2,"38":1,"39":1,"40":1,"41":1,"42":1,"43":0,"44":0,"45":1,"46":2,"47":2,"48":2,"49":2,"50":1,"51":1,"52":1,"53":1,"54":1,"55":1,"56":1,"57":0,"58":0,"59":1},"f":{"0":1,"1":1,"2":1,"3":1,"4":2,"5":2},"b":{"0":[1,0],"1":[1,0],"2":[1,0],"3":[0,1],"4":[1,0],"5":[0],"6":[1,1],"7":[0],"8":[1],"9":[1,0],"10":[1,0],"11":[1,0],"12":[1,0],"13":[1,0],"14":[1,0],"15":[1],"16":[1,0],"17":[1,0]}}
,"C:\\Users\\Gamer\\Documents\\Reciclaje\\backend\\src\\routes\\waste.ts": {"path":"C:\\Users\\Gamer\\Documents\\Reciclaje\\backend\\src\\routes\\waste.ts","statementMap":{"0":{"start":{"line":1,"column":0},"end":{"line":1,"column":30}},"1":{"start":{"line":2,"column":0},"end":{"line":2,"column":60}},"2":{"start":{"line":3,"column":0},"end":{"line":3,"column":68}},"3":{"start":{"line":5,"column":15},"end":{"line":5,"column":31}},"4":{"start":{"line":7,"column":49},"end":{"line":26,"column":2}},"5":{"start":{"line":28,"column":22},"end":{"line":33,"column":11}},"6":{"start":{"line":29,"column":2},"end":{"line":33,"column":11}},"7":{"start":{"line":35,"column":31},"end":{"line":44,"column":1}},"8":{"start":{"line":36,"column":18},"end":{"line":40,"column":null}},"9":{"start":{"line":43,"column":2},"end":{"line":43,"column":37}},"10":{"start":{"line":49,"column":0},"end":{"line":112,"column":3}},"11":{"start":{"line":50,"column":2},"end":{"line":111,"column":null}},"12":{"start":{"line":51,"column":76},"end":{"line":51,"column":84}},"13":{"start":{"line":53,"column":4},"end":{"line":55,"column":null}},"14":{"start":{"line":54,"column":6},"end":{"line":54,"column":107}},"15":{"start":{"line":57,"column":29},"end":{"line":57,"column":47}},"16":{"start":{"line":59,"column":4},"end":{"line":75,"column":null}},"17":{"start":{"line":60,"column":29},"end":{"line":60,"column":56}},"18":{"start":{"line":61,"column":25},"end":{"line":61,"column":75}},"19":{"start":{"line":63,"column":23},"end":{"line":67,"column":null}},"20":{"start":{"line":70,"column":6},"end":{"line":72,"column":null}},"21":{"start":{"line":71,"column":8},"end":{"line":71,"column":85}},"22":{"start":{"line":74,"column":6},"end":{"line":74,"column":49}},"23":{"start":{"line":77,"column":4},"end":{"line":79,"column":null}},"24":{"start":{"line":78,"column":6},"end":{"line":78,"column":68}},"25":{"start":{"line":81,"column":32},"end":{"line":81,"column":76}},"26":{"start":{"line":82,"column":4},"end":{"line":84,"column":null}},"27":{"start":{"line":83,"column":6},"end":{"line":83,"column":86}},"28":{"start":{"line":86,"column":26},"end":{"line":86,"column":85}},"29":{"start":{"line":87,"column":4},"end":{"line":89,"column":null}},"30":{"start":{"line":88,"column":6},"end":{"line":88,"column":101}},"31":{"start":{"line":91,"column":33},"end":{"line":91,"column":53}},"32":{"start":{"line":92,"column":29},"end":{"line":92,"column":59}},"33":{"start":{"line":93,"column":4},"end":{"line":95,"column":null}},"34":{"start":{"line":94,"column":6},"end":{"line":94,"column":68}},"35":{"start":{"line":97,"column":4},"end":{"line":105,"column":6}},"36":{"start":{"line":107,"column":4},"end":{"line":107,"column":87}},"37":{"start":{"line":109,"column":4},"end":{"line":109,"column":43}},"38":{"start":{"line":110,"column":4},"end":{"line":110,"column":66}},"39":{"start":{"line":114,"column":0},"end":{"line":128,"column":3}},"40":{"start":{"line":115,"column":2},"end":{"line":127,"column":null}},"41":{"start":{"line":116,"column":23},"end":{"line":120,"column":null}},"42":{"start":{"line":123,"column":4},"end":{"line":123,"column":31}},"43":{"start":{"line":125,"column":4},"end":{"line":125,"column":50}},"44":{"start":{"line":126,"column":4},"end":{"line":126,"column":66}},"45":{"start":{"line":130,"column":0},"end":{"line":180,"column":3}},"46":{"start":{"line":131,"column":2},"end":{"line":179,"column":null}},"47":{"start":{"line":132,"column":33},"end":{"line":132,"column":null}},"48":{"start":{"line":135,"column":27},"end":{"line":135,"column":35}},"49":{"start":{"line":136,"column":27},"end":{"line":136,"column":70}},"50":{"start":{"line":137,"column":27},"end":{"line":137,"column":70}},"51":{"start":{"line":139,"column":4},"end":{"line":141,"column":null}},"52":{"start":{"line":140,"column":6},"end":{"line":140,"column":89}},"53":{"start":{"line":143,"column":4},"end":{"line":145,"column":null}},"54":{"start":{"line":144,"column":6},"end":{"line":144,"column":85}},"55":{"start":{"line":147,"column":29},"end":{"line":151,"column":null}},"56":{"start":{"line":154,"column":4},"end":{"line":156,"column":null}},"57":{"start":{"line":155,"column":6},"end":{"line":155,"column":87}},"58":{"start":{"line":158,"column":4},"end":{"line":166,"column":6}},"59":{"start":{"line":168,"column":21},"end":{"line":172,"column":null}},"60":{"start":{"line":175,"column":4},"end":{"line":175,"column":35}},"61":{"start":{"line":177,"column":4},"end":{"line":177,"column":55}},"62":{"start":{"line":178,"column":4},"end":{"line":178,"column":66}},"63":{"start":{"line":185,"column":0},"end":{"line":207,"column":3}},"64":{"start":{"line":186,"column":2},"end":{"line":206,"column":null}},"65":{"start":{"line":190,"column":20},"end":{"line":199,"column":null}},"66":{"start":{"line":202,"column":4},"end":{"line":202,"column":28}},"67":{"start":{"line":204,"column":4},"end":{"line":204,"column":49}},"68":{"start":{"line":205,"column":4},"end":{"line":205,"column":66}},"69":{"start":{"line":212,"column":0},"end":{"line":244,"column":3}},"70":{"start":{"line":213,"column":2},"end":{"line":243,"column":null}},"71":{"start":{"line":214,"column":23},"end":{"line":214,"column":33}},"72":{"start":{"line":216,"column":32},"end":{"line":216,"column":76}},"73":{"start":{"line":217,"column":4},"end":{"line":219,"column":null}},"74":{"start":{"line":218,"column":6},"end":{"line":218,"column":26}},"75":{"start":{"line":223,"column":20},"end":{"line":236,"column":null}},"76":{"start":{"line":239,"column":4},"end":{"line":239,"column":28}},"77":{"start":{"line":241,"column":4},"end":{"line":241,"column":47}},"78":{"start":{"line":242,"column":4},"end":{"line":242,"column":66}},"79":{"start":{"line":246,"column":0},"end":{"line":246,"column":22}}},"fnMap":{"0":{"name":"(anonymous_1)","decl":{"start":{"line":28,"column":22},"end":{"line":28,"column":23}},"loc":{"start":{"line":29,"column":2},"end":{"line":33,"column":11}}},"1":{"name":"(anonymous_2)","decl":{"start":{"line":35,"column":31},"end":{"line":35,"column":36}},"loc":{"start":{"line":35,"column":80},"end":{"line":44,"column":1}}},"2":{"name":"(anonymous_3)","decl":{"start":{"line":49,"column":20},"end":{"line":49,"column":25}},"loc":{"start":{"line":49,"column":39},"end":{"line":112,"column":1}}},"3":{"name":"(anonymous_4)","decl":{"start":{"line":114,"column":26},"end":{"line":114,"column":31}},"loc":{"start":{"line":114,"column":46},"end":{"line":128,"column":1}}},"4":{"name":"(anonymous_5)","decl":{"start":{"line":130,"column":46},"end":{"line":130,"column":51}},"loc":{"start":{"line":130,"column":65},"end":{"line":180,"column":1}}},"5":{"name":"(anonymous_6)","decl":{"start":{"line":185,"column":25},"end":{"line":185,"column":30}},"loc":{"start":{"line":185,"column":44},"end":{"line":207,"column":1}}},"6":{"name":"(anonymous_7)","decl":{"start":{"line":212,"column":31},"end":{"line":212,"column":36}},"loc":{"start":{"line":212,"column":50},"end":{"line":244,"column":1}}}},"branchMap":{"0":{"loc":{"start":{"line":43,"column":9},"end":{"line":43,"column":36}},"type":"binary-expr","locations":[{"start":{"line":43,"column":9},"end":{"line":43,"column":28}},{"start":{"line":43,"column":32},"end":{"line":43,"column":36}}]},"1":{"loc":{"start":{"line":53,"column":4},"end":{"line":55,"column":null}},"type":"if","locations":[{"start":{"line":53,"column":4},"end":{"line":55,"column":null}}]},"2":{"loc":{"start":{"line":53,"column":8},"end":{"line":53,"column":52}},"type":"binary-expr","locations":[{"start":{"line":53,"column":8},"end":{"line":53,"column":15}},{"start":{"line":53,"column":19},"end":{"line":53,"column":26}},{"start":{"line":53,"column":31},"end":{"line":53,"column":42}},{"start":{"line":53,"column":46},"end":{"line":53,"column":51}}]},"3":{"loc":{"start":{"line":59,"column":4},"end":{"line":75,"column":null}},"type":"if","locations":[{"start":{"line":59,"column":4},"end":{"line":75,"column":null}}]},"4":{"loc":{"start":{"line":59,"column":8},"end":{"line":59,"column":35}},"type":"binary-expr","locations":[{"start":{"line":59,"column":8},"end":{"line":59,"column":27}},{"start":{"line":59,"column":31},"end":{"line":59,"column":35}}]},"5":{"loc":{"start":{"line":61,"column":25},"end":{"line":61,"column":75}},"type":"binary-expr","locations":[{"start":{"line":61,"column":25},"end":{"line":61,"column":57}},{"start":{"line":61,"column":61},"end":{"line":61,"column":75}}]},"6":{"loc":{"start":{"line":70,"column":6},"end":{"line":72,"column":null}},"type":"if","locations":[{"start":{"line":70,"column":6},"end":{"line":72,"column":null}}]},"7":{"loc":{"start":{"line":77,"column":4},"end":{"line":79,"column":null}},"type":"if","locations":[{"start":{"line":77,"column":4},"end":{"line":79,"column":null}}]},"8":{"loc":{"start":{"line":82,"column":4},"end":{"line":84,"column":null}},"type":"if","locations":[{"start":{"line":82,"column":4},"end":{"line":84,"column":null}}]},"9":{"loc":{"start":{"line":86,"column":26},"end":{"line":86,"column":85}},"type":"cond-expr","locations":[{"start":{"line":86,"column":59},"end":{"line":86,"column":69}},{"start":{"line":86,"column":72},"end":{"line":86,"column":85}}]},"10":{"loc":{"start":{"line":87,"column":4},"end":{"line":89,"column":null}},"type":"if","locations":[{"start":{"line":87,"column":4},"end":{"line":89,"column":null}}]},"11":{"loc":{"start":{"line":87,"column":8},"end":{"line":87,"column":66}},"type":"binary-expr","locations":[{"start":{"line":87,"column":8},"end":{"line":87,"column":41}},{"start":{"line":87,"column":45},"end":{"line":87,"column":66}}]},"12":{"loc":{"start":{"line":93,"column":4},"end":{"line":95,"column":null}},"type":"if","locations":[{"start":{"line":93,"column":4},"end":{"line":95,"column":null}}]},"13":{"loc":{"start":{"line":123,"column":13},"end":{"line":123,"column":29}},"type":"binary-expr","locations":[{"start":{"line":123,"column":13},"end":{"line":123,"column":23}},{"start":{"line":123,"column":27},"end":{"line":123,"column":29}}]},"14":{"loc":{"start":{"line":136,"column":27},"end":{"line":136,"column":70}},"type":"cond-expr","locations":[{"start":{"line":136,"column":54},"end":{"line":136,"column":65}},{"start":{"line":136,"column":68},"end":{"line":136,"column":70}}]},"15":{"loc":{"start":{"line":137,"column":27},"end":{"line":137,"column":70}},"type":"cond-expr","locations":[{"start":{"line":137,"column":54},"end":{"line":137,"column":65}},{"start":{"line":137,"column":68},"end":{"line":137,"column":70}}]},"16":{"loc":{"start":{"line":139,"column":4},"end":{"line":141,"column":null}},"type":"if","locations":[{"start":{"line":139,"column":4},"end":{"line":141,"column":null}}]},"17":{"loc":{"start":{"line":143,"column":4},"end":{"line":145,"column":null}},"type":"if","locations":[{"start":{"line":143,"column":4},"end":{"line":145,"column":null}}]},"18":{"loc":{"start":{"line":143,"column":8},"end":{"line":143,"column":42}},"type":"binary-expr","locations":[{"start":{"line":143,"column":8},"end":{"line":143,"column":23}},{"start":{"line":143,"column":27},"end":{"line":143,"column":42}}]},"19":{"loc":{"start":{"line":154,"column":4},"end":{"line":156,"column":null}},"type":"if","locations":[{"start":{"line":154,"column":4},"end":{"line":156,"column":null}}]},"20":{"loc":{"start":{"line":202,"column":13},"end":{"line":202,"column":26}},"type":"binary-expr","locations":[{"start":{"line":202,"column":13},"end":{"line":202,"column":20}},{"start":{"line":202,"column":24},"end":{"line":202,"column":26}}]},"21":{"loc":{"start":{"line":217,"column":4},"end":{"line":219,"column":null}},"type":"if","locations":[{"start":{"line":217,"column":4},"end":{"line":219,"column":null}}]},"22":{"loc":{"start":{"line":239,"column":13},"end":{"line":239,"column":26}},"type":"binary-expr","locations":[{"start":{"line":239,"column":13},"end":{"line":239,"column":20}},{"start":{"line":239,"column":24},"end":{"line":239,"column":26}}]}},"s":{"0":1,"1":1,"2":1,"3":1,"4":1,"5":1,"6":2,"7":1,"8":4,"9":4,"10":1,"11":4,"12":4,"13":4,"14":1,"15":3,"16":3,"17":2,"18":2,"19":2,"20":2,"21":1,"22":1,"23":2,"24":0,"25":2,"26":2,"27":0,"28":2,"29":2,"30":0,"31":2,"32":2,"33":2,"34":1,"35":1,"36":1,"37":0,"38":0,"39":1,"40":1,"41":1,"42":1,"43":0,"44":0,"45":1,"46":2,"47":2,"48":2,"49":2,"50":2,"51":2,"52":0,"53":2,"54":0,"55":2,"56":2,"57":1,"58":1,"59":1,"60":1,"61":0,"62":0,"63":1,"64":1,"65":1,"66":1,"67":0,"68":0,"69":1,"70":2,"71":2,"72":2,"73":2,"74":1,"75":1,"76":1,"77":0,"78":0,"79":1},"f":{"0":2,"1":4,"2":4,"3":1,"4":2,"5":1,"6":2},"b":{"0":[4,1],"1":[1],"2":[4,4,3,2],"3":[2],"4":[3,2],"5":[2,1],"6":[1],"7":[0],"8":[0],"9":[2,0],"10":[0],"11":[2,2],"12":[1],"13":[1,0],"14":[2,0],"15":[2,0],"16":[0],"17":[0],"18":[2,2],"19":[1],"20":[1,0],"21":[1],"22":[1,0]}}
}
