{"C:\\Users\\Gamer\\Documents\\Reciclaje\\backend\\src\\routes\\auth.ts": {"path":"C:\\Users\\Gamer\\Documents\\Reciclaje\\backend\\src\\routes\\auth.ts","statementMap":{"0":{"start":{"line":1,"column":0},"end":{"line":1,"column":30}},"1":{"start":{"line":2,"column":0},"end":{"line":2,"column":28}},"2":{"start":{"line":3,"column":0},"end":{"line":3,"column":53}},"3":{"start":{"line":5,"column":15},"end":{"line":5,"column":31}},"4":{"start":{"line":7,"column":50},"end":{"line":11,"column":2}},"5":{"start":{"line":13,"column":27},"end":{"line":27,"column":1}},"6":{"start":{"line":14,"column":2},"end":{"line":16,"column":null}},"7":{"start":{"line":15,"column":4},"end":{"line":15,"column":17}},"8":{"start":{"line":18,"column":21},"end":{"line":20,"column":18}},"9":{"start":{"line":22,"column":2},"end":{"line":22,"column":47}},"10":{"start":{"line":22,"column":38},"end":{"line":22,"column":47}},"11":{"start":{"line":23,"column":2},"end":{"line":23,"column":77}},"12":{"start":{"line":23,"column":68},"end":{"line":23,"column":77}},"13":{"start":{"line":24,"column":2},"end":{"line":24,"column":84}},"14":{"start":{"line":24,"column":75},"end":{"line":24,"column":84}},"15":{"start":{"line":26,"column":2},"end":{"line":26,"column":11}},"16":{"start":{"line":32,"column":0},"end":{"line":70,"column":3}},"17":{"start":{"line":33,"column":2},"end":{"line":69,"column":null}},"18":{"start":{"line":34,"column":33},"end":{"line":34,"column":41}},"19":{"start":{"line":36,"column":4},"end":{"line":38,"column":null}},"20":{"start":{"line":37,"column":6},"end":{"line":37,"column":89}},"21":{"start":{"line":40,"column":17},"end":{"line":45,"column":null}},"22":{"start":{"line":48,"column":4},"end":{"line":50,"column":null}},"23":{"start":{"line":49,"column":6},"end":{"line":49,"column":71}},"24":{"start":{"line":52,"column":20},"end":{"line":52,"column":67}},"25":{"start":{"line":54,"column":4},"end":{"line":56,"column":null}},"26":{"start":{"line":55,"column":6},"end":{"line":55,"column":71}},"27":{"start":{"line":58,"column":4},"end":{"line":65,"column":7}},"28":{"start":{"line":67,"column":4},"end":{"line":67,"column":41}},"29":{"start":{"line":68,"column":4},"end":{"line":68,"column":66}},"30":{"start":{"line":75,"column":0},"end":{"line":163,"column":3}},"31":{"start":{"line":76,"column":2},"end":{"line":162,"column":null}},"32":{"start":{"line":87,"column":8},"end":{"line":87,"column":16}},"33":{"start":{"line":89,"column":4},"end":{"line":91,"column":null}},"34":{"start":{"line":90,"column":6},"end":{"line":90,"column":92}},"35":{"start":{"line":93,"column":29},"end":{"line":93,"column":67}},"36":{"start":{"line":94,"column":4},"end":{"line":96,"column":null}},"37":{"start":{"line":95,"column":6},"end":{"line":95,"column":61}},"38":{"start":{"line":98,"column":4},"end":{"line":100,"column":null}},"39":{"start":{"line":99,"column":6},"end":{"line":99,"column":95}},"40":{"start":{"line":102,"column":23},"end":{"line":102,"column":25}},"41":{"start":{"line":103,"column":27},"end":{"line":103,"column":66}},"42":{"start":{"line":105,"column":4},"end":{"line":105,"column":37}},"43":{"start":{"line":107,"column":4},"end":{"line":123,"column":6}},"44":{"start":{"line":125,"column":24},"end":{"line":125,"column":97}},"45":{"start":{"line":126,"column":4},"end":{"line":128,"column":null}},"46":{"start":{"line":127,"column":6},"end":{"line":127,"column":68}},"47":{"start":{"line":130,"column":4},"end":{"line":145,"column":null}},"48":{"start":{"line":131,"column":6},"end":{"line":144,"column":8}},"49":{"start":{"line":147,"column":4},"end":{"line":147,"column":26}},"50":{"start":{"line":149,"column":4},"end":{"line":149,"column":75}},"51":{"start":{"line":151,"column":4},"end":{"line":155,"column":null}},"52":{"start":{"line":152,"column":6},"end":{"line":152,"column":30}},"53":{"start":{"line":157,"column":4},"end":{"line":159,"column":null}},"54":{"start":{"line":158,"column":6},"end":{"line":158,"column":101}},"55":{"start":{"line":160,"column":4},"end":{"line":160,"column":44}},"56":{"start":{"line":161,"column":4},"end":{"line":161,"column":66}},"57":{"start":{"line":165,"column":0},"end":{"line":165,"column":22}}},"fnMap":{"0":{"name":"(anonymous_1)","decl":{"start":{"line":13,"column":27},"end":{"line":13,"column":28}},"loc":{"start":{"line":13,"column":73},"end":{"line":27,"column":1}}},"1":{"name":"(anonymous_2)","decl":{"start":{"line":32,"column":22},"end":{"line":32,"column":27}},"loc":{"start":{"line":32,"column":41},"end":{"line":70,"column":1}}},"2":{"name":"(anonymous_3)","decl":{"start":{"line":75,"column":25},"end":{"line":75,"column":30}},"loc":{"start":{"line":75,"column":44},"end":{"line":163,"column":1}}}},"branchMap":{"0":{"loc":{"start":{"line":14,"column":2},"end":{"line":16,"column":null}},"type":"if","locations":[{"start":{"line":14,"column":2},"end":{"line":16,"column":null}}]},"1":{"loc":{"start":{"line":14,"column":6},"end":{"line":14,"column":58}},"type":"binary-expr","locations":[{"start":{"line":14,"column":6},"end":{"line":14,"column":31}},{"start":{"line":14,"column":35},"end":{"line":14,"column":58}}]},"2":{"loc":{"start":{"line":18,"column":28},"end":{"line":18,"column":42}},"type":"binary-expr","locations":[{"start":{"line":18,"column":28},"end":{"line":18,"column":36}},{"start":{"line":18,"column":40},"end":{"line":18,"column":42}}]},"3":{"loc":{"start":{"line":22,"column":2},"end":{"line":22,"column":47}},"type":"if","locations":[{"start":{"line":22,"column":2},"end":{"line":22,"column":47}}]},"4":{"loc":{"start":{"line":23,"column":2},"end":{"line":23,"column":77}},"type":"if","locations":[{"start":{"line":23,"column":2},"end":{"line":23,"column":77}}]},"5":{"loc":{"start":{"line":23,"column":6},"end":{"line":23,"column":66}},"type":"binary-expr","locations":[{"start":{"line":23,"column":6},"end":{"line":23,"column":27}},{"start":{"line":23,"column":31},"end":{"line":23,"column":66}}]},"6":{"loc":{"start":{"line":24,"column":2},"end":{"line":24,"column":84}},"type":"if","locations":[{"start":{"line":24,"column":2},"end":{"line":24,"column":84}}]},"7":{"loc":{"start":{"line":24,"column":6},"end":{"line":24,"column":73}},"type":"binary-expr","locations":[{"start":{"line":24,"column":6},"end":{"line":24,"column":33}},{"start":{"line":24,"column":37},"end":{"line":24,"column":73}}]},"8":{"loc":{"start":{"line":36,"column":4},"end":{"line":38,"column":null}},"type":"if","locations":[{"start":{"line":36,"column":4},"end":{"line":38,"column":null}}]},"9":{"loc":{"start":{"line":36,"column":8},"end":{"line":36,"column":28}},"type":"binary-expr","locations":[{"start":{"line":36,"column":8},"end":{"line":36,"column":15}},{"start":{"line":36,"column":19},"end":{"line":36,"column":28}}]},"10":{"loc":{"start":{"line":48,"column":4},"end":{"line":50,"column":null}},"type":"if","locations":[{"start":{"line":48,"column":4},"end":{"line":50,"column":null}}]},"11":{"loc":{"start":{"line":54,"column":4},"end":{"line":56,"column":null}},"type":"if","locations":[{"start":{"line":54,"column":4},"end":{"line":56,"column":null}}]},"12":{"loc":{"start":{"line":62,"column":11},"end":{"line":62,"column":55}},"type":"binary-expr","locations":[{"start":{"line":62,"column":11},"end":{"line":62,"column":45}},{"start":{"line":62,"column":49},"end":{"line":62,"column":55}}]},"13":{"loc":{"start":{"line":89,"column":4},"end":{"line":91,"column":null}},"type":"if","locations":[{"start":{"line":89,"column":4},"end":{"line":91,"column":null}}]},"14":{"loc":{"start":{"line":89,"column":8},"end":{"line":89,"column":47}},"type":"binary-expr","locations":[{"start":{"line":89,"column":8},"end":{"line":89,"column":15}},{"start":{"line":89,"column":19},"end":{"line":89,"column":28}},{"start":{"line":89,"column":32},"end":{"line":89,"column":47}}]},"15":{"loc":{"start":{"line":94,"column":4},"end":{"line":96,"column":null}},"type":"if","locations":[{"start":{"line":94,"column":4},"end":{"line":96,"column":null}}]},"16":{"loc":{"start":{"line":98,"column":4},"end":{"line":100,"column":null}},"type":"if","locations":[{"start":{"line":98,"column":4},"end":{"line":100,"column":null}}]},"17":{"loc":{"start":{"line":98,"column":8},"end":{"line":98,"column":63}},"type":"binary-expr","locations":[{"start":{"line":98,"column":8},"end":{"line":98,"column":30}},{"start":{"line":98,"column":35},"end":{"line":98,"column":46}},{"start":{"line":98,"column":50},"end":{"line":98,"column":62}}]},"18":{"loc":{"start":{"line":121,"column":8},"end":{"line":121,"column":24}},"type":"binary-expr","locations":[{"start":{"line":121,"column":8},"end":{"line":121,"column":16}},{"start":{"line":121,"column":20},"end":{"line":121,"column":24}}]},"19":{"loc":{"start":{"line":126,"column":4},"end":{"line":128,"column":null}},"type":"if","locations":[{"start":{"line":126,"column":4},"end":{"line":128,"column":null}}]},"20":{"loc":{"start":{"line":130,"column":4},"end":{"line":145,"column":null}},"type":"if","locations":[{"start":{"line":130,"column":4},"end":{"line":145,"column":null}}]},"21":{"loc":{"start":{"line":142,"column":10},"end":{"line":142,"column":42}},"type":"binary-expr","locations":[{"start":{"line":142,"column":10},"end":{"line":142,"column":34}},{"start":{"line":142,"column":38},"end":{"line":142,"column":42}}]},"22":{"loc":{"start":{"line":157,"column":4},"end":{"line":159,"column":null}},"type":"if","locations":[{"start":{"line":157,"column":4},"end":{"line":159,"column":null}}]}},"s":{"0":1,"1":1,"2":1,"3":1,"4":1,"5":1,"6":3,"7":0,"8":3,"9":3,"10":1,"11":2,"12":2,"13":0,"14":0,"15":0,"16":1,"17":3,"18":3,"19":3,"20":1,"21":2,"22":2,"23":1,"24":1,"25":1,"26":0,"27":1,"28":0,"29":0,"30":1,"31":3,"32":3,"33":3,"34":0,"35":3,"36":3,"37":0,"38":3,"39":1,"40":2,"41":2,"42":2,"43":2,"44":1,"45":1,"46":0,"47":1,"48":1,"49":1,"50":1,"51":1,"52":1,"53":1,"54":1,"55":0,"56":0,"57":1},"f":{"0":3,"1":3,"2":3},"b":{"0":[0],"1":[3,3],"2":[3,0],"3":[1],"4":[2],"5":[2,0],"6":[0],"7":[0,0],"8":[1],"9":[3,2],"10":[1],"11":[0],"12":[1,0],"13":[0],"14":[3,3,3],"15":[0],"16":[1],"17":[3,2,1],"18":[2,1],"19":[0],"20":[1],"21":[1,0],"22":[1]}}
,"C:\\Users\\Gamer\\Documents\\Reciclaje\\backend\\src\\routes\\dashboard.ts": {"path":"C:\\Users\\Gamer\\Documents\\Reciclaje\\backend\\src\\routes\\dashboard.ts","statementMap":{"0":{"start":{"line":1,"column":0},"end":{"line":1,"column":30}},"1":{"start":{"line":2,"column":0},"end":{"line":2,"column":53}},"2":{"start":{"line":4,"column":15},"end":{"line":4,"column":31}},"3":{"start":{"line":6,"column":0},"end":{"line":67,"column":3}},"4":{"start":{"line":7,"column":1},"end":{"line":66,"column":null}},"5":{"start":{"line":8,"column":24},"end":{"line":8,"column":77}},"6":{"start":{"line":9,"column":29},"end":{"line":12,"column":null}},"7":{"start":{"line":14,"column":24},"end":{"line":16,"column":null}},"8":{"start":{"line":19,"column":16},"end":{"line":30,"column":null}},"9":{"start":{"line":33,"column":21},"end":{"line":40,"column":null}},"10":{"start":{"line":43,"column":2},"end":{"line":62,"column":5}},"11":{"start":{"line":49,"column":28},"end":{"line":60,"column":5}},"12":{"start":{"line":64,"column":2},"end":{"line":64,"column":53}},"13":{"start":{"line":65,"column":2},"end":{"line":65,"column":64}},"14":{"start":{"line":69,"column":0},"end":{"line":139,"column":3}},"15":{"start":{"line":70,"column":1},"end":{"line":138,"column":null}},"16":{"start":{"line":71,"column":17},"end":{"line":71,"column":42}},"17":{"start":{"line":73,"column":18},"end":{"line":83,"column":null}},"18":{"start":{"line":86,"column":2},"end":{"line":92,"column":null}},"19":{"start":{"line":87,"column":3},"end":{"line":91,"column":6}},"20":{"start":{"line":94,"column":21},"end":{"line":100,"column":null}},"21":{"start":{"line":103,"column":18},"end":{"line":116,"column":null}},"22":{"start":{"line":119,"column":22},"end":{"line":119,"column":58}},"23":{"start":{"line":121,"column":2},"end":{"line":134,"column":5}},"24":{"start":{"line":136,"column":2},"end":{"line":136,"column":60}},"25":{"start":{"line":137,"column":2},"end":{"line":137,"column":64}},"26":{"start":{"line":141,"column":0},"end":{"line":236,"column":3}},"27":{"start":{"line":142,"column":1},"end":{"line":235,"column":null}},"28":{"start":{"line":143,"column":17},"end":{"line":143,"column":42}},"29":{"start":{"line":145,"column":29},"end":{"line":149,"column":null}},"30":{"start":{"line":152,"column":2},"end":{"line":159,"column":null}},"31":{"start":{"line":153,"column":3},"end":{"line":158,"column":6}},"32":{"start":{"line":161,"column":28},"end":{"line":167,"column":null}},"33":{"start":{"line":170,"column":31},"end":{"line":175,"column":null}},"34":{"start":{"line":178,"column":22},"end":{"line":187,"column":null}},"35":{"start":{"line":190,"column":28},"end":{"line":205,"column":null}},"36":{"start":{"line":208,"column":19},"end":{"line":218,"column":null}},"37":{"start":{"line":221,"column":2},"end":{"line":231,"column":5}},"38":{"start":{"line":233,"column":2},"end":{"line":233,"column":66}},"39":{"start":{"line":234,"column":2},"end":{"line":234,"column":64}},"40":{"start":{"line":238,"column":0},"end":{"line":238,"column":22}}},"fnMap":{"0":{"name":"(anonymous_1)","decl":{"start":{"line":6,"column":21},"end":{"line":6,"column":26}},"loc":{"start":{"line":6,"column":41},"end":{"line":67,"column":1}}},"1":{"name":"(anonymous_2)","decl":{"start":{"line":49,"column":20},"end":{"line":49,"column":21}},"loc":{"start":{"line":49,"column":28},"end":{"line":60,"column":5}}},"2":{"name":"(anonymous_3)","decl":{"start":{"line":69,"column":28},"end":{"line":69,"column":33}},"loc":{"start":{"line":69,"column":47},"end":{"line":139,"column":1}}},"3":{"name":"(anonymous_4)","decl":{"start":{"line":141,"column":34},"end":{"line":141,"column":39}},"loc":{"start":{"line":141,"column":53},"end":{"line":236,"column":1}}}},"branchMap":{"0":{"loc":{"start":{"line":45,"column":16},"end":{"line":45,"column":41}},"type":"binary-expr","locations":[{"start":{"line":45,"column":16},"end":{"line":45,"column":36}},{"start":{"line":45,"column":40},"end":{"line":45,"column":41}}]},"1":{"loc":{"start":{"line":46,"column":21},"end":{"line":46,"column":51}},"type":"binary-expr","locations":[{"start":{"line":46,"column":21},"end":{"line":46,"column":46}},{"start":{"line":46,"column":50},"end":{"line":46,"column":51}}]},"2":{"loc":{"start":{"line":47,"column":34},"end":{"line":47,"column":59}},"type":"binary-expr","locations":[{"start":{"line":47,"column":34},"end":{"line":47,"column":54}},{"start":{"line":47,"column":58},"end":{"line":47,"column":59}}]},"3":{"loc":{"start":{"line":53,"column":5},"end":{"line":57,"column":15}},"type":"cond-expr","locations":[{"start":{"line":54,"column":8},"end":{"line":54,"column":23}},{"start":{"line":55,"column":8},"end":{"line":57,"column":15}}]},"4":{"loc":{"start":{"line":55,"column":8},"end":{"line":57,"column":15}},"type":"cond-expr","locations":[{"start":{"line":56,"column":9},"end":{"line":56,"column":21}},{"start":{"line":57,"column":9},"end":{"line":57,"column":15}}]},"5":{"loc":{"start":{"line":86,"column":2},"end":{"line":92,"column":null}},"type":"if","locations":[{"start":{"line":86,"column":2},"end":{"line":92,"column":null}}]},"6":{"loc":{"start":{"line":119,"column":29},"end":{"line":119,"column":57}},"type":"binary-expr","locations":[{"start":{"line":119,"column":29},"end":{"line":119,"column":52}},{"start":{"line":119,"column":56},"end":{"line":119,"column":57}}]},"7":{"loc":{"start":{"line":123,"column":13},"end":{"line":123,"column":34}},"type":"binary-expr","locations":[{"start":{"line":123,"column":13},"end":{"line":123,"column":28}},{"start":{"line":123,"column":32},"end":{"line":123,"column":34}}]},"8":{"loc":{"start":{"line":124,"column":14},"end":{"line":124,"column":36}},"type":"binary-expr","locations":[{"start":{"line":124,"column":14},"end":{"line":124,"column":30}},{"start":{"line":124,"column":34},"end":{"line":124,"column":36}}]},"9":{"loc":{"start":{"line":125,"column":14},"end":{"line":125,"column":36}},"type":"binary-expr","locations":[{"start":{"line":125,"column":14},"end":{"line":125,"column":30}},{"start":{"line":125,"column":34},"end":{"line":125,"column":36}}]},"10":{"loc":{"start":{"line":126,"column":15},"end":{"line":126,"column":38}},"type":"binary-expr","locations":[{"start":{"line":126,"column":15},"end":{"line":126,"column":32}},{"start":{"line":126,"column":36},"end":{"line":126,"column":38}}]},"11":{"loc":{"start":{"line":130,"column":25},"end":{"line":130,"column":54}},"type":"binary-expr","locations":[{"start":{"line":130,"column":25},"end":{"line":130,"column":49}},{"start":{"line":130,"column":53},"end":{"line":130,"column":54}}]},"12":{"loc":{"start":{"line":152,"column":2},"end":{"line":159,"column":null}},"type":"if","locations":[{"start":{"line":152,"column":2},"end":{"line":159,"column":null}}]},"13":{"loc":{"start":{"line":223,"column":27},"end":{"line":223,"column":56}},"type":"binary-expr","locations":[{"start":{"line":223,"column":27},"end":{"line":223,"column":51}},{"start":{"line":223,"column":55},"end":{"line":223,"column":56}}]},"14":{"loc":{"start":{"line":224,"column":30},"end":{"line":224,"column":62}},"type":"binary-expr","locations":[{"start":{"line":224,"column":30},"end":{"line":224,"column":57}},{"start":{"line":224,"column":61},"end":{"line":224,"column":62}}]}},"s":{"0":1,"1":1,"2":1,"3":1,"4":1,"5":1,"6":1,"7":1,"8":1,"9":1,"10":1,"11":1,"12":0,"13":0,"14":1,"15":2,"16":2,"17":2,"18":2,"19":1,"20":1,"21":1,"22":1,"23":1,"24":0,"25":0,"26":1,"27":2,"28":2,"29":2,"30":2,"31":1,"32":1,"33":1,"34":1,"35":1,"36":1,"37":1,"38":0,"39":0,"40":1},"f":{"0":1,"1":1,"2":2,"3":2},"b":{"0":[1,0],"1":[1,0],"2":[1,0],"3":[0,1],"4":[1,0],"5":[1],"6":[1,0],"7":[1,0],"8":[1,0],"9":[1,0],"10":[1,0],"11":[1,0],"12":[1],"13":[1,0],"14":[1,0]}}
,"C:\\Users\\Gamer\\Documents\\Reciclaje\\backend\\src\\routes\\waste.ts": {"path":"C:\\Users\\Gamer\\Documents\\Reciclaje\\backend\\src\\routes\\waste.ts","statementMap":{"0":{"start":{"line":1,"column":0},"end":{"line":1,"column":30}},"1":{"start":{"line":2,"column":0},"end":{"line":2,"column":60}},"2":{"start":{"line":4,"column":15},"end":{"line":4,"column":31}},"3":{"start":{"line":6,"column":49},"end":{"line":25,"column":2}},"4":{"start":{"line":27,"column":22},"end":{"line":32,"column":11}},"5":{"start":{"line":28,"column":2},"end":{"line":32,"column":11}},"6":{"start":{"line":34,"column":31},"end":{"line":43,"column":1}},"7":{"start":{"line":35,"column":18},"end":{"line":39,"column":null}},"8":{"start":{"line":42,"column":2},"end":{"line":42,"column":37}},"9":{"start":{"line":48,"column":0},"end":{"line":111,"column":3}},"10":{"start":{"line":49,"column":2},"end":{"line":110,"column":null}},"11":{"start":{"line":50,"column":76},"end":{"line":50,"column":84}},"12":{"start":{"line":52,"column":4},"end":{"line":54,"column":null}},"13":{"start":{"line":53,"column":6},"end":{"line":53,"column":107}},"14":{"start":{"line":56,"column":29},"end":{"line":56,"column":47}},"15":{"start":{"line":58,"column":4},"end":{"line":74,"column":null}},"16":{"start":{"line":59,"column":29},"end":{"line":59,"column":56}},"17":{"start":{"line":60,"column":25},"end":{"line":60,"column":75}},"18":{"start":{"line":62,"column":23},"end":{"line":66,"column":null}},"19":{"start":{"line":69,"column":6},"end":{"line":71,"column":null}},"20":{"start":{"line":70,"column":8},"end":{"line":70,"column":85}},"21":{"start":{"line":73,"column":6},"end":{"line":73,"column":49}},"22":{"start":{"line":76,"column":4},"end":{"line":78,"column":null}},"23":{"start":{"line":77,"column":6},"end":{"line":77,"column":68}},"24":{"start":{"line":80,"column":32},"end":{"line":80,"column":76}},"25":{"start":{"line":81,"column":4},"end":{"line":83,"column":null}},"26":{"start":{"line":82,"column":6},"end":{"line":82,"column":86}},"27":{"start":{"line":85,"column":26},"end":{"line":85,"column":85}},"28":{"start":{"line":86,"column":4},"end":{"line":88,"column":null}},"29":{"start":{"line":87,"column":6},"end":{"line":87,"column":101}},"30":{"start":{"line":90,"column":33},"end":{"line":90,"column":53}},"31":{"start":{"line":91,"column":29},"end":{"line":91,"column":59}},"32":{"start":{"line":92,"column":4},"end":{"line":94,"column":null}},"33":{"start":{"line":93,"column":6},"end":{"line":93,"column":68}},"34":{"start":{"line":96,"column":4},"end":{"line":104,"column":6}},"35":{"start":{"line":106,"column":4},"end":{"line":106,"column":87}},"36":{"start":{"line":108,"column":4},"end":{"line":108,"column":43}},"37":{"start":{"line":109,"column":4},"end":{"line":109,"column":66}},"38":{"start":{"line":113,"column":0},"end":{"line":127,"column":3}},"39":{"start":{"line":114,"column":2},"end":{"line":126,"column":null}},"40":{"start":{"line":115,"column":23},"end":{"line":119,"column":null}},"41":{"start":{"line":122,"column":4},"end":{"line":122,"column":31}},"42":{"start":{"line":124,"column":4},"end":{"line":124,"column":50}},"43":{"start":{"line":125,"column":4},"end":{"line":125,"column":66}},"44":{"start":{"line":132,"column":0},"end":{"line":154,"column":3}},"45":{"start":{"line":133,"column":2},"end":{"line":153,"column":null}},"46":{"start":{"line":137,"column":20},"end":{"line":146,"column":null}},"47":{"start":{"line":149,"column":4},"end":{"line":149,"column":28}},"48":{"start":{"line":151,"column":4},"end":{"line":151,"column":49}},"49":{"start":{"line":152,"column":4},"end":{"line":152,"column":66}},"50":{"start":{"line":159,"column":0},"end":{"line":191,"column":3}},"51":{"start":{"line":160,"column":2},"end":{"line":190,"column":null}},"52":{"start":{"line":161,"column":23},"end":{"line":161,"column":33}},"53":{"start":{"line":163,"column":32},"end":{"line":163,"column":76}},"54":{"start":{"line":164,"column":4},"end":{"line":166,"column":null}},"55":{"start":{"line":165,"column":6},"end":{"line":165,"column":26}},"56":{"start":{"line":170,"column":20},"end":{"line":183,"column":null}},"57":{"start":{"line":186,"column":4},"end":{"line":186,"column":28}},"58":{"start":{"line":188,"column":4},"end":{"line":188,"column":47}},"59":{"start":{"line":189,"column":4},"end":{"line":189,"column":66}},"60":{"start":{"line":193,"column":0},"end":{"line":193,"column":22}}},"fnMap":{"0":{"name":"(anonymous_1)","decl":{"start":{"line":27,"column":22},"end":{"line":27,"column":23}},"loc":{"start":{"line":28,"column":2},"end":{"line":32,"column":11}}},"1":{"name":"(anonymous_2)","decl":{"start":{"line":34,"column":31},"end":{"line":34,"column":36}},"loc":{"start":{"line":34,"column":80},"end":{"line":43,"column":1}}},"2":{"name":"(anonymous_3)","decl":{"start":{"line":48,"column":20},"end":{"line":48,"column":25}},"loc":{"start":{"line":48,"column":39},"end":{"line":111,"column":1}}},"3":{"name":"(anonymous_4)","decl":{"start":{"line":113,"column":26},"end":{"line":113,"column":31}},"loc":{"start":{"line":113,"column":46},"end":{"line":127,"column":1}}},"4":{"name":"(anonymous_5)","decl":{"start":{"line":132,"column":25},"end":{"line":132,"column":30}},"loc":{"start":{"line":132,"column":44},"end":{"line":154,"column":1}}},"5":{"name":"(anonymous_6)","decl":{"start":{"line":159,"column":31},"end":{"line":159,"column":36}},"loc":{"start":{"line":159,"column":50},"end":{"line":191,"column":1}}}},"branchMap":{"0":{"loc":{"start":{"line":42,"column":9},"end":{"line":42,"column":36}},"type":"binary-expr","locations":[{"start":{"line":42,"column":9},"end":{"line":42,"column":28}},{"start":{"line":42,"column":32},"end":{"line":42,"column":36}}]},"1":{"loc":{"start":{"line":52,"column":4},"end":{"line":54,"column":null}},"type":"if","locations":[{"start":{"line":52,"column":4},"end":{"line":54,"column":null}}]},"2":{"loc":{"start":{"line":52,"column":8},"end":{"line":52,"column":52}},"type":"binary-expr","locations":[{"start":{"line":52,"column":8},"end":{"line":52,"column":15}},{"start":{"line":52,"column":19},"end":{"line":52,"column":26}},{"start":{"line":52,"column":31},"end":{"line":52,"column":42}},{"start":{"line":52,"column":46},"end":{"line":52,"column":51}}]},"3":{"loc":{"start":{"line":58,"column":4},"end":{"line":74,"column":null}},"type":"if","locations":[{"start":{"line":58,"column":4},"end":{"line":74,"column":null}}]},"4":{"loc":{"start":{"line":58,"column":8},"end":{"line":58,"column":35}},"type":"binary-expr","locations":[{"start":{"line":58,"column":8},"end":{"line":58,"column":27}},{"start":{"line":58,"column":31},"end":{"line":58,"column":35}}]},"5":{"loc":{"start":{"line":60,"column":25},"end":{"line":60,"column":75}},"type":"binary-expr","locations":[{"start":{"line":60,"column":25},"end":{"line":60,"column":57}},{"start":{"line":60,"column":61},"end":{"line":60,"column":75}}]},"6":{"loc":{"start":{"line":69,"column":6},"end":{"line":71,"column":null}},"type":"if","locations":[{"start":{"line":69,"column":6},"end":{"line":71,"column":null}}]},"7":{"loc":{"start":{"line":76,"column":4},"end":{"line":78,"column":null}},"type":"if","locations":[{"start":{"line":76,"column":4},"end":{"line":78,"column":null}}]},"8":{"loc":{"start":{"line":81,"column":4},"end":{"line":83,"column":null}},"type":"if","locations":[{"start":{"line":81,"column":4},"end":{"line":83,"column":null}}]},"9":{"loc":{"start":{"line":85,"column":26},"end":{"line":85,"column":85}},"type":"cond-expr","locations":[{"start":{"line":85,"column":59},"end":{"line":85,"column":69}},{"start":{"line":85,"column":72},"end":{"line":85,"column":85}}]},"10":{"loc":{"start":{"line":86,"column":4},"end":{"line":88,"column":null}},"type":"if","locations":[{"start":{"line":86,"column":4},"end":{"line":88,"column":null}}]},"11":{"loc":{"start":{"line":86,"column":8},"end":{"line":86,"column":66}},"type":"binary-expr","locations":[{"start":{"line":86,"column":8},"end":{"line":86,"column":41}},{"start":{"line":86,"column":45},"end":{"line":86,"column":66}}]},"12":{"loc":{"start":{"line":92,"column":4},"end":{"line":94,"column":null}},"type":"if","locations":[{"start":{"line":92,"column":4},"end":{"line":94,"column":null}}]},"13":{"loc":{"start":{"line":122,"column":13},"end":{"line":122,"column":29}},"type":"binary-expr","locations":[{"start":{"line":122,"column":13},"end":{"line":122,"column":23}},{"start":{"line":122,"column":27},"end":{"line":122,"column":29}}]},"14":{"loc":{"start":{"line":149,"column":13},"end":{"line":149,"column":26}},"type":"binary-expr","locations":[{"start":{"line":149,"column":13},"end":{"line":149,"column":20}},{"start":{"line":149,"column":24},"end":{"line":149,"column":26}}]},"15":{"loc":{"start":{"line":164,"column":4},"end":{"line":166,"column":null}},"type":"if","locations":[{"start":{"line":164,"column":4},"end":{"line":166,"column":null}}]},"16":{"loc":{"start":{"line":186,"column":13},"end":{"line":186,"column":26}},"type":"binary-expr","locations":[{"start":{"line":186,"column":13},"end":{"line":186,"column":20}},{"start":{"line":186,"column":24},"end":{"line":186,"column":26}}]}},"s":{"0":1,"1":1,"2":1,"3":1,"4":1,"5":2,"6":1,"7":4,"8":4,"9":1,"10":4,"11":4,"12":4,"13":1,"14":3,"15":3,"16":2,"17":2,"18":2,"19":2,"20":1,"21":1,"22":2,"23":0,"24":2,"25":2,"26":0,"27":2,"28":2,"29":0,"30":2,"31":2,"32":2,"33":1,"34":1,"35":1,"36":0,"37":0,"38":1,"39":1,"40":1,"41":1,"42":0,"43":0,"44":1,"45":1,"46":1,"47":1,"48":0,"49":0,"50":1,"51":2,"52":2,"53":2,"54":2,"55":1,"56":1,"57":1,"58":0,"59":0,"60":1},"f":{"0":2,"1":4,"2":4,"3":1,"4":1,"5":2},"b":{"0":[4,1],"1":[1],"2":[4,4,3,2],"3":[2],"4":[3,2],"5":[2,1],"6":[1],"7":[0],"8":[0],"9":[2,0],"10":[0],"11":[2,2],"12":[1],"13":[1,0],"14":[1,0],"15":[1],"16":[1,0]}}
}
