TN:
SF:src\routes\auth.ts
FN:13,(anonymous_1)
FN:32,(anonymous_2)
FN:75,(anonymous_3)
FNF:3
FNH:3
FNDA:3,(anonymous_1)
FNDA:3,(anonymous_2)
FNDA:3,(anonymous_3)
DA:1,1
DA:2,1
DA:3,1
DA:5,1
DA:7,1
DA:13,1
DA:14,3
DA:15,0
DA:18,3
DA:22,3
DA:23,2
DA:24,0
DA:26,0
DA:32,1
DA:33,3
DA:34,3
DA:36,3
DA:37,1
DA:40,2
DA:48,2
DA:49,1
DA:52,1
DA:54,1
DA:55,0
DA:58,1
DA:67,0
DA:68,0
DA:75,1
DA:76,3
DA:87,3
DA:89,3
DA:90,0
DA:93,3
DA:94,3
DA:95,0
DA:98,3
DA:99,1
DA:102,2
DA:103,2
DA:105,2
DA:107,2
DA:125,1
DA:126,1
DA:127,0
DA:130,1
DA:131,1
DA:147,1
DA:149,1
DA:151,1
DA:152,1
DA:157,1
DA:158,1
DA:160,0
DA:161,0
DA:165,1
LF:55
LH:44
BRDA:14,0,0,0
BRDA:14,1,0,3
BRDA:14,1,1,3
BRDA:18,2,0,3
BRDA:18,2,1,0
BRDA:22,3,0,1
BRDA:23,4,0,2
BRDA:23,5,0,2
BRDA:23,5,1,0
BRDA:24,6,0,0
BRDA:24,7,0,0
BRDA:24,7,1,0
BRDA:36,8,0,1
BRDA:36,9,0,3
BRDA:36,9,1,2
BRDA:48,10,0,1
BRDA:54,11,0,0
BRDA:62,12,0,1
BRDA:62,12,1,0
BRDA:89,13,0,0
BRDA:89,14,0,3
BRDA:89,14,1,3
BRDA:89,14,2,3
BRDA:94,15,0,0
BRDA:98,16,0,1
BRDA:98,17,0,3
BRDA:98,17,1,2
BRDA:98,17,2,1
BRDA:121,18,0,2
BRDA:121,18,1,1
BRDA:126,19,0,0
BRDA:130,20,0,1
BRDA:142,21,0,1
BRDA:142,21,1,0
BRDA:157,22,0,1
BRF:35
BRH:23
end_of_record
TN:
SF:src\routes\dashboard.ts
FN:6,(anonymous_1)
FN:49,(anonymous_2)
FN:69,(anonymous_3)
FN:141,(anonymous_4)
FNF:4
FNH:4
FNDA:1,(anonymous_1)
FNDA:1,(anonymous_2)
FNDA:2,(anonymous_3)
FNDA:2,(anonymous_4)
DA:1,1
DA:2,1
DA:4,1
DA:6,1
DA:7,1
DA:8,1
DA:9,1
DA:14,1
DA:19,1
DA:33,1
DA:43,1
DA:49,1
DA:64,0
DA:65,0
DA:69,1
DA:70,2
DA:71,2
DA:73,2
DA:86,2
DA:87,1
DA:94,1
DA:103,1
DA:119,1
DA:121,1
DA:136,0
DA:137,0
DA:141,1
DA:142,2
DA:143,2
DA:145,2
DA:152,2
DA:153,1
DA:161,1
DA:170,1
DA:178,1
DA:190,1
DA:208,1
DA:221,1
DA:233,0
DA:234,0
DA:238,1
LF:41
LH:35
BRDA:45,0,0,1
BRDA:45,0,1,0
BRDA:46,1,0,1
BRDA:46,1,1,0
BRDA:47,2,0,1
BRDA:47,2,1,0
BRDA:53,3,0,0
BRDA:53,3,1,1
BRDA:55,4,0,1
BRDA:55,4,1,0
BRDA:86,5,0,1
BRDA:119,6,0,1
BRDA:119,6,1,0
BRDA:123,7,0,1
BRDA:123,7,1,0
BRDA:124,8,0,1
BRDA:124,8,1,0
BRDA:125,9,0,1
BRDA:125,9,1,0
BRDA:126,10,0,1
BRDA:126,10,1,0
BRDA:130,11,0,1
BRDA:130,11,1,0
BRDA:152,12,0,1
BRDA:223,13,0,1
BRDA:223,13,1,0
BRDA:224,14,0,1
BRDA:224,14,1,0
BRF:28
BRH:15
end_of_record
TN:
SF:src\routes\waste.ts
FN:27,(anonymous_1)
FN:34,(anonymous_2)
FN:48,(anonymous_3)
FN:113,(anonymous_4)
FN:132,(anonymous_5)
FN:159,(anonymous_6)
FNF:6
FNH:6
FNDA:2,(anonymous_1)
FNDA:4,(anonymous_2)
FNDA:4,(anonymous_3)
FNDA:1,(anonymous_4)
FNDA:1,(anonymous_5)
FNDA:2,(anonymous_6)
DA:1,1
DA:2,1
DA:4,1
DA:6,1
DA:27,1
DA:28,2
DA:34,1
DA:35,4
DA:42,4
DA:48,1
DA:49,4
DA:50,4
DA:52,4
DA:53,1
DA:56,3
DA:58,3
DA:59,2
DA:60,2
DA:62,2
DA:69,2
DA:70,1
DA:73,1
DA:76,2
DA:77,0
DA:80,2
DA:81,2
DA:82,0
DA:85,2
DA:86,2
DA:87,0
DA:90,2
DA:91,2
DA:92,2
DA:93,1
DA:96,1
DA:106,1
DA:108,0
DA:109,0
DA:113,1
DA:114,1
DA:115,1
DA:122,1
DA:124,0
DA:125,0
DA:132,1
DA:133,1
DA:137,1
DA:149,1
DA:151,0
DA:152,0
DA:159,1
DA:160,2
DA:161,2
DA:163,2
DA:164,2
DA:165,1
DA:170,1
DA:186,1
DA:188,0
DA:189,0
DA:193,1
LF:61
LH:50
BRDA:42,0,0,4
BRDA:42,0,1,1
BRDA:52,1,0,1
BRDA:52,2,0,4
BRDA:52,2,1,4
BRDA:52,2,2,3
BRDA:52,2,3,2
BRDA:58,3,0,2
BRDA:58,4,0,3
BRDA:58,4,1,2
BRDA:60,5,0,2
BRDA:60,5,1,1
BRDA:69,6,0,1
BRDA:76,7,0,0
BRDA:81,8,0,0
BRDA:85,9,0,2
BRDA:85,9,1,0
BRDA:86,10,0,0
BRDA:86,11,0,2
BRDA:86,11,1,2
BRDA:92,12,0,1
BRDA:122,13,0,1
BRDA:122,13,1,0
BRDA:149,14,0,1
BRDA:149,14,1,0
BRDA:164,15,0,1
BRDA:186,16,0,1
BRDA:186,16,1,0
BRF:28
BRH:21
end_of_record
